{"contracts/lib/CompoundOracleInterface.sol":{"l":{},"path":"/Users/antonasso/programming/opyn/OptionsProtocol/contracts/lib/CompoundOracleInterface.sol","s":{},"b":{},"f":{"1":0},"fnMap":{"1":{"name":"constructor","line":8,"loc":{"start":{"line":8,"column":4},"end":{"line":9,"column":4}}}},"statementMap":{},"branchMap":{}},"contracts/lib/CTokenInterface.sol":{"l":{},"path":"/Users/antonasso/programming/opyn/OptionsProtocol/contracts/lib/CTokenInterface.sol","s":{},"b":{},"f":{},"fnMap":{},"statementMap":{},"branchMap":{}},"contracts/lib/Dai.sol":{"l":{"34":0,"35":0,"79":0,"80":0,"99":0,"102":0,"111":0,"112":0,"123":0,"128":0,"129":0,"130":0,"131":0,"133":0,"134":0,"135":0,"136":0,"139":0,"140":0,"141":0,"144":0,"145":0,"146":0,"147":0,"149":0,"150":0,"151":0,"154":0,"155":0,"156":0,"161":0,"164":0,"167":0,"174":0,"186":0,"187":0,"188":0,"189":0,"190":0,"191":0,"192":0},"path":"/Users/antonasso/programming/opyn/OptionsProtocol/contracts/lib/Dai.sol","s":{"1":0,"2":0,"3":0,"4":0,"5":0,"6":0,"7":0,"8":0,"9":0,"10":0,"11":0,"12":0,"13":0,"14":0,"15":0,"16":0,"17":0,"18":0,"19":0,"20":0,"21":0,"22":0,"23":0,"24":0,"25":0,"26":0,"27":0,"28":0,"29":0,"30":0,"31":0,"32":0,"33":0,"34":0,"35":0,"36":0,"37":0,"38":0,"39":0,"40":0},"b":{"1":[0,0],"2":[0,0],"3":[0,0],"4":[0,0],"5":[0,0],"6":[0,0],"7":[0,0],"8":[0,0],"9":[0,0],"10":[0,0],"11":[0,0],"12":[0,0],"13":[0,0]},"f":{"1":0,"2":0,"3":0,"4":0,"5":0,"6":0,"7":0,"8":0,"9":0,"10":0,"11":0,"12":0,"13":0,"14":0,"15":0,"16":0},"fnMap":{"1":{"name":"note","line":33,"loc":{"start":{"line":33,"column":4},"end":{"line":50,"column":4}}},"2":{"name":"rely","line":76,"loc":{"start":{"line":76,"column":4},"end":{"line":76,"column":68}}},"3":{"name":"deny","line":77,"loc":{"start":{"line":77,"column":4},"end":{"line":77,"column":68}}},"4":{"name":"auth","line":78,"loc":{"start":{"line":78,"column":4},"end":{"line":81,"column":4}}},"5":{"name":"add","line":98,"loc":{"start":{"line":98,"column":4},"end":{"line":100,"column":4}}},"6":{"name":"sub","line":101,"loc":{"start":{"line":101,"column":4},"end":{"line":103,"column":4}}},"7":{"name":"constructor","line":110,"loc":{"start":{"line":110,"column":4},"end":{"line":119,"column":4}}},"8":{"name":"transfer","line":122,"loc":{"start":{"line":122,"column":4},"end":{"line":124,"column":4}}},"9":{"name":"transferFrom","line":125,"loc":{"start":{"line":125,"column":4},"end":{"line":137,"column":4}}},"10":{"name":"mint","line":138,"loc":{"start":{"line":138,"column":4},"end":{"line":142,"column":4}}},"11":{"name":"burn","line":143,"loc":{"start":{"line":143,"column":4},"end":{"line":152,"column":4}}},"12":{"name":"approve","line":153,"loc":{"start":{"line":153,"column":4},"end":{"line":157,"column":4}}},"13":{"name":"push","line":160,"loc":{"start":{"line":160,"column":4},"end":{"line":162,"column":4}}},"14":{"name":"pull","line":163,"loc":{"start":{"line":163,"column":4},"end":{"line":165,"column":4}}},"15":{"name":"move","line":166,"loc":{"start":{"line":166,"column":4},"end":{"line":168,"column":4}}},"16":{"name":"permit","line":171,"loc":{"start":{"line":171,"column":4},"end":{"line":193,"column":4}}}},"statementMap":{"1":{"start":{"line":76,"column":52},"end":{"line":76,"column":65}},"2":{"start":{"line":77,"column":52},"end":{"line":77,"column":65}},"3":{"start":{"line":79,"column":8},"end":{"line":79,"column":60}},"4":{"start":{"line":99,"column":8},"end":{"line":99,"column":32}},"5":{"start":{"line":102,"column":8},"end":{"line":102,"column":32}},"6":{"start":{"line":111,"column":8},"end":{"line":111,"column":28}},"7":{"start":{"line":112,"column":8},"end":{"line":112,"column":4550}},"8":{"start":{"line":123,"column":8},"end":{"line":123,"column":49}},"9":{"start":{"line":128,"column":8},"end":{"line":128,"column":65}},"10":{"start":{"line":129,"column":8},"end":{"line":129,"column":5164}},"11":{"start":{"line":130,"column":12},"end":{"line":130,"column":83}},"12":{"start":{"line":131,"column":12},"end":{"line":131,"column":76}},"13":{"start":{"line":133,"column":8},"end":{"line":133,"column":48}},"14":{"start":{"line":134,"column":8},"end":{"line":134,"column":48}},"15":{"start":{"line":135,"column":8},"end":{"line":135,"column":36}},"16":{"start":{"line":136,"column":8},"end":{"line":136,"column":19}},"17":{"start":{"line":139,"column":8},"end":{"line":139,"column":48}},"18":{"start":{"line":140,"column":8},"end":{"line":140,"column":45}},"19":{"start":{"line":141,"column":8},"end":{"line":141,"column":43}},"20":{"start":{"line":144,"column":8},"end":{"line":144,"column":65}},"21":{"start":{"line":145,"column":8},"end":{"line":145,"column":5908}},"22":{"start":{"line":146,"column":12},"end":{"line":146,"column":83}},"23":{"start":{"line":147,"column":12},"end":{"line":147,"column":76}},"24":{"start":{"line":149,"column":8},"end":{"line":149,"column":48}},"25":{"start":{"line":150,"column":8},"end":{"line":150,"column":45}},"26":{"start":{"line":151,"column":8},"end":{"line":151,"column":43}},"27":{"start":{"line":154,"column":8},"end":{"line":154,"column":39}},"28":{"start":{"line":155,"column":8},"end":{"line":155,"column":43}},"29":{"start":{"line":156,"column":8},"end":{"line":156,"column":19}},"30":{"start":{"line":161,"column":8},"end":{"line":161,"column":41}},"31":{"start":{"line":164,"column":8},"end":{"line":164,"column":41}},"32":{"start":{"line":167,"column":8},"end":{"line":167,"column":34}},"33":{"start":{"line":174,"column":8},"end":{"line":174,"column":7029}},"34":{"start":{"line":186,"column":8},"end":{"line":186,"column":61}},"35":{"start":{"line":187,"column":8},"end":{"line":187,"column":74}},"36":{"start":{"line":188,"column":8},"end":{"line":188,"column":66}},"37":{"start":{"line":189,"column":8},"end":{"line":189,"column":62}},"38":{"start":{"line":190,"column":8},"end":{"line":190,"column":41}},"39":{"start":{"line":191,"column":8},"end":{"line":191,"column":39}},"40":{"start":{"line":192,"column":8},"end":{"line":192,"column":43}}},"branchMap":{"1":{"line":79,"type":"if","locations":[{"start":{"line":79,"column":8},"end":{"line":79,"column":8}},{"start":{"line":79,"column":8},"end":{"line":79,"column":8}}]},"2":{"line":99,"type":"if","locations":[{"start":{"line":99,"column":8},"end":{"line":99,"column":8}},{"start":{"line":99,"column":8},"end":{"line":99,"column":8}}]},"3":{"line":102,"type":"if","locations":[{"start":{"line":102,"column":8},"end":{"line":102,"column":8}},{"start":{"line":102,"column":8},"end":{"line":102,"column":8}}]},"4":{"line":128,"type":"if","locations":[{"start":{"line":128,"column":8},"end":{"line":128,"column":8}},{"start":{"line":128,"column":8},"end":{"line":128,"column":8}}]},"5":{"line":129,"type":"if","locations":[{"start":{"line":129,"column":8},"end":{"line":129,"column":8}},{"start":{"line":129,"column":8},"end":{"line":129,"column":8}}]},"6":{"line":130,"type":"if","locations":[{"start":{"line":130,"column":12},"end":{"line":130,"column":12}},{"start":{"line":130,"column":12},"end":{"line":130,"column":12}}]},"7":{"line":144,"type":"if","locations":[{"start":{"line":144,"column":8},"end":{"line":144,"column":8}},{"start":{"line":144,"column":8},"end":{"line":144,"column":8}}]},"8":{"line":145,"type":"if","locations":[{"start":{"line":145,"column":8},"end":{"line":145,"column":8}},{"start":{"line":145,"column":8},"end":{"line":145,"column":8}}]},"9":{"line":146,"type":"if","locations":[{"start":{"line":146,"column":12},"end":{"line":146,"column":12}},{"start":{"line":146,"column":12},"end":{"line":146,"column":12}}]},"10":{"line":186,"type":"if","locations":[{"start":{"line":186,"column":8},"end":{"line":186,"column":8}},{"start":{"line":186,"column":8},"end":{"line":186,"column":8}}]},"11":{"line":187,"type":"if","locations":[{"start":{"line":187,"column":8},"end":{"line":187,"column":8}},{"start":{"line":187,"column":8},"end":{"line":187,"column":8}}]},"12":{"line":188,"type":"if","locations":[{"start":{"line":188,"column":8},"end":{"line":188,"column":8}},{"start":{"line":188,"column":8},"end":{"line":188,"column":8}}]},"13":{"line":189,"type":"if","locations":[{"start":{"line":189,"column":8},"end":{"line":189,"column":8}},{"start":{"line":189,"column":8},"end":{"line":189,"column":8}}]}}},"contracts/lib/MockCompoundOracle.sol":{"l":{"7":2,"11":112,"15":26},"path":"/Users/antonasso/programming/opyn/OptionsProtocol/contracts/lib/MockCompoundOracle.sol","s":{"1":2,"2":112,"3":26},"b":{},"f":{"1":2,"2":112,"3":26},"fnMap":{"1":{"name":"constructor","line":6,"loc":{"start":{"line":6,"column":4},"end":{"line":8,"column":4}}},"2":{"name":"getPrice","line":10,"loc":{"start":{"line":10,"column":4},"end":{"line":12,"column":4}}},"3":{"name":"updatePrice","line":14,"loc":{"start":{"line":14,"column":4},"end":{"line":16,"column":4}}}},"statementMap":{"1":{"start":{"line":7,"column":8},"end":{"line":7,"column":29}},"2":{"start":{"line":11,"column":8},"end":{"line":11,"column":20}},"3":{"start":{"line":15,"column":8},"end":{"line":15,"column":23}}},"branchMap":{}},"contracts/lib/MockUniswapFactory.sol":{"l":{"12":0,"16":0,"19":0,"22":0},"path":"/Users/antonasso/programming/opyn/OptionsProtocol/contracts/lib/MockUniswapFactory.sol","s":{"1":0,"2":0,"3":0,"4":0},"b":{},"f":{"1":2,"2":0,"3":0,"4":0,"5":0,"6":0},"fnMap":{"1":{"name":"constructor","line":5,"loc":{"start":{"line":5,"column":4},"end":{"line":6,"column":4}}},"2":{"name":"createExchange","line":11,"loc":{"start":{"line":11,"column":4},"end":{"line":13,"column":4}}},"3":{"name":"getExchange","line":15,"loc":{"start":{"line":15,"column":4},"end":{"line":17,"column":4}}},"4":{"name":"getToken","line":18,"loc":{"start":{"line":18,"column":4},"end":{"line":20,"column":4}}},"5":{"name":"getTokenWithId","line":21,"loc":{"start":{"line":21,"column":4},"end":{"line":23,"column":4}}},"6":{"name":"initializeFactory","line":25,"loc":{"start":{"line":25,"column":4},"end":{"line":26,"column":4}}}},"statementMap":{"1":{"start":{"line":12,"column":8},"end":{"line":12,"column":57}},"2":{"start":{"line":16,"column":8},"end":{"line":16,"column":57}},"3":{"start":{"line":19,"column":8},"end":{"line":19,"column":57}},"4":{"start":{"line":22,"column":8},"end":{"line":22,"column":57}}},"branchMap":{}},"contracts/lib/StringComparator.sol":{"l":{"6":66},"path":"/Users/antonasso/programming/opyn/OptionsProtocol/contracts/lib/StringComparator.sol","s":{"1":66},"b":{},"f":{"1":66},"fnMap":{"1":{"name":"compareStrings","line":4,"loc":{"start":{"line":4,"column":4},"end":{"line":7,"column":4}}}},"statementMap":{"1":{"start":{"line":6,"column":8},"end":{"line":6,"column":83}}},"branchMap":{}},"contracts/lib/UniswapExchangeInterface.sol":{"l":{},"path":"/Users/antonasso/programming/opyn/OptionsProtocol/contracts/lib/UniswapExchangeInterface.sol","s":{},"b":{},"f":{},"fnMap":{},"statementMap":{},"branchMap":{}},"contracts/lib/UniswapFactoryInterface.sol":{"l":{},"path":"/Users/antonasso/programming/opyn/OptionsProtocol/contracts/lib/UniswapFactoryInterface.sol","s":{},"b":{},"f":{},"fnMap":{},"statementMap":{},"branchMap":{}},"contracts/OptionsContract.sol":{"l":{"128":13,"129":13,"133":13,"137":13,"141":13,"145":13,"150":13,"151":13,"153":13,"154":13,"155":13,"157":13,"158":13,"160":13,"161":13,"162":13,"163":13,"218":184,"219":178,"226":1,"242":4,"246":4,"250":4,"251":4,"256":4,"257":4,"258":4,"259":4,"261":4,"279":4,"280":4,"281":4,"282":4,"293":1,"294":1,"295":1,"297":1,"306":217,"313":37,"315":29,"316":29,"318":29,"319":29,"340":30,"341":28,"343":24,"344":24,"366":10,"370":10,"372":8,"373":8,"384":31,"387":31,"394":28,"402":197,"420":21,"421":30,"422":30,"426":28,"427":28,"428":0,"430":19,"431":11,"433":9,"434":9,"437":0,"447":1,"448":1,"450":1,"452":1,"453":1,"455":1,"456":1,"474":30,"476":28,"479":28,"480":28,"483":20,"484":20,"486":20,"487":20,"504":76,"505":76,"518":114,"528":7,"530":5,"532":5,"533":5,"535":5,"544":20,"545":18,"547":16,"548":16,"554":16,"556":16,"562":6,"563":6,"565":6,"574":13,"575":13,"578":11,"581":11,"582":11,"584":11,"585":11,"586":11,"588":11,"589":11,"591":11,"607":1,"608":1,"609":1,"614":1,"615":1,"619":1,"621":0,"638":12,"640":12,"643":12,"646":10,"648":10,"652":10,"656":10,"659":10,"663":10,"664":0,"668":10,"673":10,"679":8,"680":8,"683":8,"684":8,"686":8,"695":48,"699":48,"706":52,"717":64,"718":64,"729":48,"730":48,"750":28,"755":28,"757":28,"758":28,"760":28,"765":28,"772":26,"775":26,"779":26,"785":26,"789":26,"791":26,"792":26,"798":26,"799":26,"803":26,"804":0,"806":26,"816":20,"819":20,"821":20,"839":32,"840":32,"842":32,"857":92,"858":92,"860":92,"861":70,"862":70,"866":92,"869":92,"872":92,"875":92,"877":92,"878":92,"880":92,"881":78,"882":78,"884":14,"885":14,"888":92,"900":11,"918":12,"919":12,"921":12,"922":2,"923":2,"927":12,"928":12,"930":12,"933":12,"935":12,"936":12,"938":12,"939":9,"940":9,"942":3,"943":3,"946":12,"963":72,"964":72,"966":72,"967":40,"968":40,"972":72,"976":72,"979":72,"980":72,"981":38,"982":38,"986":34,"987":34,"992":72,"1001":46,"1002":44,"1004":2,"1014":12,"1015":0,"1017":12,"1026":224,"1027":112,"1029":112},"path":"/Users/antonasso/programming/opyn/OptionsProtocol/contracts/OptionsContract.sol","s":{"1":13,"2":13,"3":13,"4":13,"5":13,"6":13,"7":13,"8":13,"9":13,"10":13,"11":13,"12":13,"13":13,"14":13,"15":13,"16":13,"17":13,"18":184,"19":1,"20":4,"21":4,"22":4,"23":4,"24":4,"25":4,"26":4,"27":4,"28":4,"29":4,"30":4,"31":4,"32":4,"33":1,"34":1,"35":1,"36":1,"37":217,"38":37,"39":29,"40":29,"41":29,"42":29,"43":30,"44":28,"45":24,"46":24,"47":10,"48":10,"49":8,"50":8,"51":31,"52":31,"53":28,"54":197,"55":21,"56":30,"57":30,"58":28,"59":28,"60":0,"61":28,"62":19,"63":11,"64":9,"65":9,"66":0,"67":1,"68":1,"69":1,"70":1,"71":1,"72":1,"73":1,"74":30,"75":28,"76":28,"77":28,"78":20,"79":20,"80":20,"81":20,"82":76,"83":76,"84":114,"85":7,"86":5,"87":5,"88":5,"89":5,"90":20,"91":18,"92":16,"93":16,"94":16,"95":16,"96":6,"97":6,"98":6,"99":13,"100":13,"101":11,"102":11,"103":11,"104":11,"105":11,"106":11,"107":11,"108":11,"109":11,"110":1,"111":1,"112":1,"113":1,"114":1,"115":1,"116":0,"117":12,"118":12,"119":12,"120":10,"121":10,"122":10,"123":10,"124":10,"125":10,"126":0,"127":10,"128":10,"129":8,"130":8,"131":8,"132":8,"133":8,"134":48,"135":48,"136":52,"137":64,"138":64,"139":48,"140":48,"141":28,"142":28,"143":28,"144":28,"145":28,"146":28,"147":26,"148":26,"149":26,"150":26,"151":26,"152":26,"153":26,"154":26,"155":26,"156":26,"157":0,"158":26,"159":20,"160":20,"161":20,"162":32,"163":32,"164":32,"165":92,"166":92,"167":92,"168":70,"169":70,"170":92,"171":92,"172":92,"173":92,"174":92,"175":92,"176":92,"177":78,"178":78,"179":14,"180":14,"181":92,"182":11,"183":12,"184":12,"185":12,"186":2,"187":2,"188":12,"189":12,"190":12,"191":12,"192":12,"193":12,"194":12,"195":9,"196":9,"197":3,"198":3,"199":12,"200":72,"201":72,"202":72,"203":40,"204":40,"205":72,"206":72,"207":72,"208":72,"209":38,"210":38,"211":34,"212":34,"213":72,"214":46,"215":44,"216":2,"217":12,"218":0,"219":12,"220":224,"221":112,"222":112},"b":{"1":[13,0],"2":[13,0],"3":[13,0],"4":[13,0],"5":[13,0],"6":[13,0],"7":[178,6],"8":[4,0],"9":[4,0],"10":[4,0],"11":[4,0],"12":[4,0],"13":[29,8],"14":[28,2],"15":[24,4],"16":[10,0],"17":[8,2],"18":[28,2],"19":[0,28],"20":[19,9],"21":[0,0],"22":[1,0],"23":[1,0],"24":[28,2],"25":[20,8],"26":[5,2],"27":[18,2],"28":[16,2],"29":[16,0],"30":[6,10],"31":[13,0],"32":[11,2],"33":[1,0],"34":[12,0],"35":[10,2],"36":[10,0],"37":[0,10],"38":[8,2],"39":[28,0],"40":[28,0],"41":[28,0],"42":[28,0],"43":[26,2],"44":[26,0],"45":[0,26],"46":[0,0],"47":[20,6],"48":[70,22],"49":[78,14],"50":[2,10],"51":[9,3],"52":[40,32],"53":[38,34],"54":[44,2],"55":[0,12],"56":[112,112]},"f":{"1":13,"2":184,"3":1,"4":4,"5":4,"6":1,"7":217,"8":37,"9":30,"10":10,"11":31,"12":28,"13":197,"14":21,"15":1,"16":30,"17":76,"18":114,"19":7,"20":20,"21":13,"22":1,"23":12,"24":48,"25":52,"26":64,"27":48,"28":28,"29":32,"30":92,"31":11,"32":12,"33":72,"34":46,"35":12,"36":224},"fnMap":{"1":{"name":"constructor","line":114,"loc":{"start":{"line":114,"column":4},"end":{"line":164,"column":4}}},"2":{"name":"notExpired","line":217,"loc":{"start":{"line":217,"column":4},"end":{"line":220,"column":4}}},"3":{"name":"getVaultOwnersLength","line":225,"loc":{"start":{"line":225,"column":4},"end":{"line":227,"column":4}}},"4":{"name":"updateParameters","line":241,"loc":{"start":{"line":236,"column":4},"end":{"line":268,"column":4}}},"5":{"name":"setDetails","line":277,"loc":{"start":{"line":275,"column":4},"end":{"line":286,"column":4}}},"6":{"name":"transferFee","line":292,"loc":{"start":{"line":292,"column":4},"end":{"line":298,"column":4}}},"7":{"name":"hasVault","line":305,"loc":{"start":{"line":305,"column":4},"end":{"line":307,"column":4}}},"8":{"name":"openVault","line":312,"loc":{"start":{"line":312,"column":4},"end":{"line":320,"column":4}}},"9":{"name":"addETHCollateral","line":337,"loc":{"start":{"line":334,"column":4},"end":{"line":345,"column":4}}},"10":{"name":"addERC20Collateral","line":363,"loc":{"start":{"line":361,"column":4},"end":{"line":374,"column":4}}},"11":{"name":"underlyingRequiredToExercise","line":379,"loc":{"start":{"line":379,"column":4},"end":{"line":388,"column":4}}},"12":{"name":"isExerciseWindow","line":393,"loc":{"start":{"line":393,"column":4},"end":{"line":396,"column":4}}},"13":{"name":"hasExpired","line":401,"loc":{"start":{"line":401,"column":4},"end":{"line":403,"column":4}}},"14":{"name":"exercise","line":416,"loc":{"start":{"line":416,"column":4},"end":{"line":441,"column":4}}},"15":{"name":"removeUnderlying","line":446,"loc":{"start":{"line":446,"column":4},"end":{"line":457,"column":4}}},"16":{"name":"issueOTokens","line":471,"loc":{"start":{"line":469,"column":4},"end":{"line":488,"column":4}}},"17":{"name":"getVault","line":494,"loc":{"start":{"line":494,"column":4},"end":{"line":511,"column":4}}},"18":{"name":"isETH","line":517,"loc":{"start":{"line":517,"column":4},"end":{"line":519,"column":4}}},"19":{"name":"burnOTokens","line":527,"loc":{"start":{"line":527,"column":4},"end":{"line":536,"column":4}}},"20":{"name":"removeCollateral","line":543,"loc":{"start":{"line":543,"column":4},"end":{"line":566,"column":4}}},"21":{"name":"redeemVaultBalance","line":573,"loc":{"start":{"line":573,"column":4},"end":{"line":596,"column":4}}},"22":{"name":"maxOTokensLiquidatable","line":602,"loc":{"start":{"line":602,"column":4},"end":{"line":623,"column":4}}},"23":{"name":"liquidate","line":636,"loc":{"start":{"line":634,"column":4},"end":{"line":687,"column":4}}},"24":{"name":"isUnsafe","line":694,"loc":{"start":{"line":694,"column":4},"end":{"line":700,"column":4}}},"25":{"name":"isWithinExponentRange","line":705,"loc":{"start":{"line":705,"column":4},"end":{"line":707,"column":4}}},"26":{"name":"getCollateral","line":712,"loc":{"start":{"line":712,"column":4},"end":{"line":719,"column":4}}},"27":{"name":"getOTokensIssued","line":724,"loc":{"start":{"line":724,"column":4},"end":{"line":731,"column":4}}},"28":{"name":"_exercise","line":745,"loc":{"start":{"line":745,"column":4},"end":{"line":827,"column":4}}},"29":{"name":"_addCollateral","line":836,"loc":{"start":{"line":834,"column":4},"end":{"line":843,"column":4}}},"30":{"name":"isSafe","line":851,"loc":{"start":{"line":851,"column":4},"end":{"line":889,"column":4}}},"31":{"name":"maxOTokensIssuable","line":895,"loc":{"start":{"line":895,"column":4},"end":{"line":901,"column":4}}},"32":{"name":"calculateOTokens","line":912,"loc":{"start":{"line":912,"column":4},"end":{"line":947,"column":4}}},"33":{"name":"calculateCollateralToPay","line":958,"loc":{"start":{"line":958,"column":4},"end":{"line":993,"column":4}}},"34":{"name":"transferCollateral","line":1000,"loc":{"start":{"line":1000,"column":4},"end":{"line":1006,"column":4}}},"35":{"name":"transferUnderlying","line":1013,"loc":{"start":{"line":1013,"column":4},"end":{"line":1019,"column":4}}},"36":{"name":"getPrice","line":1025,"loc":{"start":{"line":1025,"column":4},"end":{"line":1031,"column":4}}}},"statementMap":{"1":{"start":{"line":128,"column":8},"end":{"line":128,"column":77}},"2":{"start":{"line":129,"column":8},"end":{"line":129,"column":4292}},"3":{"start":{"line":133,"column":8},"end":{"line":133,"column":4431}},"4":{"start":{"line":137,"column":8},"end":{"line":137,"column":4564}},"5":{"start":{"line":141,"column":8},"end":{"line":141,"column":4703}},"6":{"start":{"line":145,"column":8},"end":{"line":145,"column":4840}},"7":{"start":{"line":150,"column":8},"end":{"line":150,"column":31}},"8":{"start":{"line":151,"column":8},"end":{"line":151,"column":31}},"9":{"start":{"line":153,"column":8},"end":{"line":153,"column":31}},"10":{"start":{"line":154,"column":8},"end":{"line":154,"column":37}},"11":{"start":{"line":155,"column":8},"end":{"line":155,"column":57}},"12":{"start":{"line":157,"column":8},"end":{"line":157,"column":53}},"13":{"start":{"line":158,"column":8},"end":{"line":158,"column":23}},"14":{"start":{"line":160,"column":8},"end":{"line":160,"column":23}},"15":{"start":{"line":161,"column":8},"end":{"line":161,"column":63}},"16":{"start":{"line":162,"column":8},"end":{"line":162,"column":41}},"17":{"start":{"line":163,"column":8},"end":{"line":163,"column":31}},"18":{"start":{"line":218,"column":8},"end":{"line":218,"column":57}},"19":{"start":{"line":226,"column":8},"end":{"line":226,"column":33}},"20":{"start":{"line":242,"column":8},"end":{"line":242,"column":8000}},"21":{"start":{"line":246,"column":8},"end":{"line":246,"column":8122}},"22":{"start":{"line":250,"column":8},"end":{"line":250,"column":74}},"23":{"start":{"line":251,"column":8},"end":{"line":251,"column":8325}},"24":{"start":{"line":256,"column":8},"end":{"line":256,"column":57}},"25":{"start":{"line":257,"column":8},"end":{"line":257,"column":51}},"26":{"start":{"line":258,"column":8},"end":{"line":258,"column":45}},"27":{"start":{"line":259,"column":8},"end":{"line":259,"column":67}},"28":{"start":{"line":261,"column":8},"end":{"line":261,"column":8689}},"29":{"start":{"line":279,"column":8},"end":{"line":279,"column":19}},"30":{"start":{"line":280,"column":8},"end":{"line":280,"column":23}},"31":{"start":{"line":281,"column":8},"end":{"line":281,"column":57}},"32":{"start":{"line":282,"column":8},"end":{"line":282,"column":9320}},"33":{"start":{"line":293,"column":8},"end":{"line":293,"column":31}},"34":{"start":{"line":294,"column":8},"end":{"line":294,"column":19}},"35":{"start":{"line":295,"column":8},"end":{"line":295,"column":41}},"36":{"start":{"line":297,"column":8},"end":{"line":297,"column":40}},"37":{"start":{"line":306,"column":8},"end":{"line":306,"column":34}},"38":{"start":{"line":313,"column":8},"end":{"line":313,"column":62}},"39":{"start":{"line":315,"column":8},"end":{"line":315,"column":48}},"40":{"start":{"line":316,"column":8},"end":{"line":316,"column":35}},"41":{"start":{"line":318,"column":8},"end":{"line":318,"column":36}},"42":{"start":{"line":319,"column":8},"end":{"line":319,"column":19}},"43":{"start":{"line":340,"column":8},"end":{"line":340,"column":77}},"44":{"start":{"line":341,"column":8},"end":{"line":341,"column":60}},"45":{"start":{"line":343,"column":8},"end":{"line":343,"column":66}},"46":{"start":{"line":344,"column":8},"end":{"line":344,"column":52}},"47":{"start":{"line":366,"column":8},"end":{"line":366,"column":12812}},"48":{"start":{"line":370,"column":8},"end":{"line":370,"column":60}},"49":{"start":{"line":372,"column":8},"end":{"line":372,"column":62}},"50":{"start":{"line":373,"column":8},"end":{"line":373,"column":46}},"51":{"start":{"line":384,"column":8},"end":{"line":384,"column":13382}},"52":{"start":{"line":387,"column":8},"end":{"line":387,"column":64}},"53":{"start":{"line":394,"column":8},"end":{"line":394,"column":13731}},"54":{"start":{"line":402,"column":8},"end":{"line":402,"column":42}},"55":{"start":{"line":420,"column":8},"end":{"line":420,"column":14849}},"56":{"start":{"line":421,"column":12},"end":{"line":421,"column":64}},"57":{"start":{"line":422,"column":12},"end":{"line":422,"column":14991}},"58":{"start":{"line":426,"column":12},"end":{"line":426,"column":52}},"59":{"start":{"line":427,"column":12},"end":{"line":427,"column":15185}},"60":{"start":{"line":428,"column":16},"end":{"line":428,"column":22}},"61":{"start":{"line":429,"column":19},"end":{"line":429,"column":15258}},"62":{"start":{"line":430,"column":16},"end":{"line":430,"column":55}},"63":{"start":{"line":431,"column":16},"end":{"line":431,"column":22}},"64":{"start":{"line":433,"column":16},"end":{"line":433,"column":77}},"65":{"start":{"line":434,"column":16},"end":{"line":434,"column":57}},"66":{"start":{"line":437,"column":8},"end":{"line":437,"column":15577}},"67":{"start":{"line":447,"column":8},"end":{"line":447,"column":60}},"68":{"start":{"line":448,"column":8},"end":{"line":448,"column":48}},"69":{"start":{"line":450,"column":8},"end":{"line":450,"column":61}},"70":{"start":{"line":452,"column":8},"end":{"line":452,"column":55}},"71":{"start":{"line":453,"column":8},"end":{"line":453,"column":27}},"72":{"start":{"line":455,"column":8},"end":{"line":455,"column":59}},"73":{"start":{"line":456,"column":8},"end":{"line":456,"column":63}},"74":{"start":{"line":474,"column":8},"end":{"line":474,"column":60}},"75":{"start":{"line":476,"column":8},"end":{"line":476,"column":48}},"76":{"start":{"line":479,"column":8},"end":{"line":479,"column":75}},"77":{"start":{"line":480,"column":8},"end":{"line":480,"column":77}},"78":{"start":{"line":483,"column":8},"end":{"line":483,"column":46}},"79":{"start":{"line":484,"column":8},"end":{"line":484,"column":38}},"80":{"start":{"line":486,"column":8},"end":{"line":486,"column":64}},"81":{"start":{"line":487,"column":8},"end":{"line":487,"column":14}},"82":{"start":{"line":504,"column":8},"end":{"line":504,"column":48}},"83":{"start":{"line":505,"column":8},"end":{"line":505,"column":18160}},"84":{"start":{"line":518,"column":8},"end":{"line":518,"column":35}},"85":{"start":{"line":528,"column":8},"end":{"line":528,"column":60}},"86":{"start":{"line":530,"column":8},"end":{"line":530,"column":48}},"87":{"start":{"line":532,"column":8},"end":{"line":532,"column":63}},"88":{"start":{"line":533,"column":8},"end":{"line":533,"column":35}},"89":{"start":{"line":535,"column":8},"end":{"line":535,"column":47}},"90":{"start":{"line":544,"column":8},"end":{"line":544,"column":61}},"91":{"start":{"line":545,"column":8},"end":{"line":545,"column":60}},"92":{"start":{"line":547,"column":8},"end":{"line":547,"column":48}},"93":{"start":{"line":548,"column":8},"end":{"line":548,"column":19650}},"94":{"start":{"line":554,"column":8},"end":{"line":554,"column":72}},"95":{"start":{"line":556,"column":8},"end":{"line":556,"column":19933}},"96":{"start":{"line":562,"column":8},"end":{"line":562,"column":46}},"97":{"start":{"line":563,"column":8},"end":{"line":563,"column":50}},"98":{"start":{"line":565,"column":8},"end":{"line":565,"column":54}},"99":{"start":{"line":574,"column":8},"end":{"line":574,"column":69}},"100":{"start":{"line":575,"column":8},"end":{"line":575,"column":60}},"101":{"start":{"line":578,"column":8},"end":{"line":578,"column":48}},"102":{"start":{"line":581,"column":8},"end":{"line":581,"column":55}},"103":{"start":{"line":582,"column":8},"end":{"line":582,"column":55}},"104":{"start":{"line":584,"column":8},"end":{"line":584,"column":27}},"105":{"start":{"line":585,"column":8},"end":{"line":585,"column":30}},"106":{"start":{"line":586,"column":8},"end":{"line":586,"column":27}},"107":{"start":{"line":588,"column":8},"end":{"line":588,"column":59}},"108":{"start":{"line":589,"column":8},"end":{"line":589,"column":59}},"109":{"start":{"line":591,"column":8},"end":{"line":591,"column":21145}},"110":{"start":{"line":607,"column":8},"end":{"line":607,"column":21595}},"111":{"start":{"line":608,"column":12},"end":{"line":608,"column":52}},"112":{"start":{"line":609,"column":12},"end":{"line":609,"column":21743}},"113":{"start":{"line":614,"column":12},"end":{"line":614,"column":69}},"114":{"start":{"line":615,"column":12},"end":{"line":615,"column":21958}},"115":{"start":{"line":619,"column":12},"end":{"line":619,"column":76}},"116":{"start":{"line":621,"column":12},"end":{"line":621,"column":20}},"117":{"start":{"line":638,"column":8},"end":{"line":638,"column":60}},"118":{"start":{"line":640,"column":8},"end":{"line":640,"column":48}},"119":{"start":{"line":643,"column":8},"end":{"line":643,"column":53}},"120":{"start":{"line":646,"column":8},"end":{"line":646,"column":76}},"121":{"start":{"line":648,"column":8},"end":{"line":648,"column":23304}},"122":{"start":{"line":652,"column":8},"end":{"line":652,"column":23430}},"123":{"start":{"line":656,"column":8},"end":{"line":656,"column":68}},"124":{"start":{"line":659,"column":8},"end":{"line":659,"column":23711}},"125":{"start":{"line":663,"column":8},"end":{"line":663,"column":23824}},"126":{"start":{"line":664,"column":12},"end":{"line":664,"column":23878}},"127":{"start":{"line":668,"column":12},"end":{"line":668,"column":24037}},"128":{"start":{"line":673,"column":8},"end":{"line":673,"column":24187}},"129":{"start":{"line":679,"column":8},"end":{"line":679,"column":66}},"130":{"start":{"line":680,"column":8},"end":{"line":680,"column":72}},"131":{"start":{"line":683,"column":8},"end":{"line":683,"column":44}},"132":{"start":{"line":684,"column":8},"end":{"line":684,"column":57}},"133":{"start":{"line":686,"column":8},"end":{"line":686,"column":66}},"134":{"start":{"line":695,"column":8},"end":{"line":695,"column":25038}},"135":{"start":{"line":699,"column":8},"end":{"line":699,"column":26}},"136":{"start":{"line":706,"column":8},"end":{"line":706,"column":44}},"137":{"start":{"line":717,"column":8},"end":{"line":717,"column":48}},"138":{"start":{"line":718,"column":8},"end":{"line":718,"column":31}},"139":{"start":{"line":729,"column":8},"end":{"line":729,"column":48}},"140":{"start":{"line":730,"column":8},"end":{"line":730,"column":34}},"141":{"start":{"line":750,"column":8},"end":{"line":750,"column":27139}},"142":{"start":{"line":755,"column":8},"end":{"line":755,"column":69}},"143":{"start":{"line":757,"column":8},"end":{"line":757,"column":57}},"144":{"start":{"line":758,"column":8},"end":{"line":758,"column":65}},"145":{"start":{"line":760,"column":8},"end":{"line":760,"column":27514}},"146":{"start":{"line":765,"column":8},"end":{"line":765,"column":27709}},"147":{"start":{"line":772,"column":8},"end":{"line":772,"column":27912}},"148":{"start":{"line":775,"column":8},"end":{"line":775,"column":66}},"149":{"start":{"line":779,"column":8},"end":{"line":779,"column":28224}},"150":{"start":{"line":785,"column":8},"end":{"line":785,"column":28405}},"151":{"start":{"line":789,"column":8},"end":{"line":789,"column":38}},"152":{"start":{"line":791,"column":8},"end":{"line":791,"column":69}},"153":{"start":{"line":792,"column":8},"end":{"line":792,"column":28637}},"154":{"start":{"line":798,"column":8},"end":{"line":798,"column":68}},"155":{"start":{"line":799,"column":8},"end":{"line":799,"column":71}},"156":{"start":{"line":803,"column":8},"end":{"line":803,"column":29073}},"157":{"start":{"line":804,"column":12},"end":{"line":804,"column":74}},"158":{"start":{"line":806,"column":12},"end":{"line":806,"column":29208}},"159":{"start":{"line":816,"column":8},"end":{"line":816,"column":43}},"160":{"start":{"line":819,"column":8},"end":{"line":819,"column":57}},"161":{"start":{"line":821,"column":8},"end":{"line":821,"column":29630}},"162":{"start":{"line":839,"column":8},"end":{"line":839,"column":48}},"163":{"start":{"line":840,"column":8},"end":{"line":840,"column":51}},"164":{"start":{"line":842,"column":8},"end":{"line":842,"column":31}},"165":{"start":{"line":857,"column":8},"end":{"line":857,"column":40}},"166":{"start":{"line":858,"column":8},"end":{"line":858,"column":36}},"167":{"start":{"line":860,"column":8},"end":{"line":860,"column":30832}},"168":{"start":{"line":861,"column":12},"end":{"line":861,"column":63}},"169":{"start":{"line":862,"column":12},"end":{"line":862,"column":55}},"170":{"start":{"line":866,"column":8},"end":{"line":866,"column":31142}},"171":{"start":{"line":869,"column":8},"end":{"line":869,"column":31270}},"172":{"start":{"line":872,"column":8},"end":{"line":872,"column":31347}},"173":{"start":{"line":875,"column":8},"end":{"line":875,"column":42}},"174":{"start":{"line":877,"column":8},"end":{"line":877,"column":23}},"175":{"start":{"line":878,"column":8},"end":{"line":878,"column":30}},"176":{"start":{"line":880,"column":8},"end":{"line":880,"column":31567}},"177":{"start":{"line":881,"column":12},"end":{"line":881,"column":52}},"178":{"start":{"line":882,"column":12},"end":{"line":882,"column":63}},"179":{"start":{"line":884,"column":12},"end":{"line":884,"column":52}},"180":{"start":{"line":885,"column":12},"end":{"line":885,"column":63}},"181":{"start":{"line":888,"column":8},"end":{"line":888,"column":24}},"182":{"start":{"line":900,"column":8},"end":{"line":900,"column":73}},"183":{"start":{"line":918,"column":8},"end":{"line":918,"column":40}},"184":{"start":{"line":919,"column":8},"end":{"line":919,"column":36}},"185":{"start":{"line":921,"column":8},"end":{"line":921,"column":33122}},"186":{"start":{"line":922,"column":12},"end":{"line":922,"column":63}},"187":{"start":{"line":923,"column":12},"end":{"line":923,"column":55}},"188":{"start":{"line":927,"column":8},"end":{"line":927,"column":66}},"189":{"start":{"line":928,"column":8},"end":{"line":928,"column":67}},"190":{"start":{"line":930,"column":8},"end":{"line":930,"column":33524}},"191":{"start":{"line":933,"column":8},"end":{"line":933,"column":42}},"192":{"start":{"line":935,"column":8},"end":{"line":935,"column":23}},"193":{"start":{"line":936,"column":8},"end":{"line":936,"column":30}},"194":{"start":{"line":938,"column":8},"end":{"line":938,"column":33744}},"195":{"start":{"line":939,"column":12},"end":{"line":939,"column":49}},"196":{"start":{"line":940,"column":12},"end":{"line":940,"column":63}},"197":{"start":{"line":942,"column":12},"end":{"line":942,"column":49}},"198":{"start":{"line":943,"column":12},"end":{"line":943,"column":63}},"199":{"start":{"line":946,"column":8},"end":{"line":946,"column":25}},"200":{"start":{"line":963,"column":8},"end":{"line":963,"column":40}},"201":{"start":{"line":964,"column":8},"end":{"line":964,"column":36}},"202":{"start":{"line":966,"column":8},"end":{"line":966,"column":34851}},"203":{"start":{"line":967,"column":12},"end":{"line":967,"column":63}},"204":{"start":{"line":968,"column":12},"end":{"line":968,"column":55}},"205":{"start":{"line":972,"column":8},"end":{"line":972,"column":35097}},"206":{"start":{"line":976,"column":8},"end":{"line":976,"column":35249}},"207":{"start":{"line":979,"column":8},"end":{"line":979,"column":38}},"208":{"start":{"line":980,"column":8},"end":{"line":980,"column":35394}},"209":{"start":{"line":981,"column":12},"end":{"line":981,"column":54}},"210":{"start":{"line":982,"column":12},"end":{"line":982,"column":35499}},"211":{"start":{"line":986,"column":12},"end":{"line":986,"column":59}},"212":{"start":{"line":987,"column":12},"end":{"line":987,"column":35707}},"213":{"start":{"line":992,"column":8},"end":{"line":992,"column":33}},"214":{"start":{"line":1001,"column":8},"end":{"line":1001,"column":36165}},"215":{"start":{"line":1002,"column":12},"end":{"line":1002,"column":31}},"216":{"start":{"line":1004,"column":12},"end":{"line":1004,"column":43}},"217":{"start":{"line":1014,"column":8},"end":{"line":1014,"column":36593}},"218":{"start":{"line":1015,"column":12},"end":{"line":1015,"column":31}},"219":{"start":{"line":1017,"column":12},"end":{"line":1017,"column":43}},"220":{"start":{"line":1026,"column":8},"end":{"line":1026,"column":36962}},"221":{"start":{"line":1027,"column":12},"end":{"line":1027,"column":27}},"222":{"start":{"line":1029,"column":12},"end":{"line":1029,"column":49}}},"branchMap":{"1":{"line":128,"type":"if","locations":[{"start":{"line":128,"column":8},"end":{"line":128,"column":8}},{"start":{"line":128,"column":8},"end":{"line":128,"column":8}}]},"2":{"line":129,"type":"if","locations":[{"start":{"line":129,"column":8},"end":{"line":129,"column":8}},{"start":{"line":129,"column":8},"end":{"line":129,"column":8}}]},"3":{"line":133,"type":"if","locations":[{"start":{"line":133,"column":8},"end":{"line":133,"column":8}},{"start":{"line":133,"column":8},"end":{"line":133,"column":8}}]},"4":{"line":137,"type":"if","locations":[{"start":{"line":137,"column":8},"end":{"line":137,"column":8}},{"start":{"line":137,"column":8},"end":{"line":137,"column":8}}]},"5":{"line":141,"type":"if","locations":[{"start":{"line":141,"column":8},"end":{"line":141,"column":8}},{"start":{"line":141,"column":8},"end":{"line":141,"column":8}}]},"6":{"line":145,"type":"if","locations":[{"start":{"line":145,"column":8},"end":{"line":145,"column":8}},{"start":{"line":145,"column":8},"end":{"line":145,"column":8}}]},"7":{"line":218,"type":"if","locations":[{"start":{"line":218,"column":8},"end":{"line":218,"column":8}},{"start":{"line":218,"column":8},"end":{"line":218,"column":8}}]},"8":{"line":242,"type":"if","locations":[{"start":{"line":242,"column":8},"end":{"line":242,"column":8}},{"start":{"line":242,"column":8},"end":{"line":242,"column":8}}]},"9":{"line":246,"type":"if","locations":[{"start":{"line":246,"column":8},"end":{"line":246,"column":8}},{"start":{"line":246,"column":8},"end":{"line":246,"column":8}}]},"10":{"line":250,"type":"if","locations":[{"start":{"line":250,"column":8},"end":{"line":250,"column":8}},{"start":{"line":250,"column":8},"end":{"line":250,"column":8}}]},"11":{"line":251,"type":"if","locations":[{"start":{"line":251,"column":8},"end":{"line":251,"column":8}},{"start":{"line":251,"column":8},"end":{"line":251,"column":8}}]},"12":{"line":282,"type":"if","locations":[{"start":{"line":282,"column":8},"end":{"line":282,"column":8}},{"start":{"line":282,"column":8},"end":{"line":282,"column":8}}]},"13":{"line":313,"type":"if","locations":[{"start":{"line":313,"column":8},"end":{"line":313,"column":8}},{"start":{"line":313,"column":8},"end":{"line":313,"column":8}}]},"14":{"line":340,"type":"if","locations":[{"start":{"line":340,"column":8},"end":{"line":340,"column":8}},{"start":{"line":340,"column":8},"end":{"line":340,"column":8}}]},"15":{"line":341,"type":"if","locations":[{"start":{"line":341,"column":8},"end":{"line":341,"column":8}},{"start":{"line":341,"column":8},"end":{"line":341,"column":8}}]},"16":{"line":366,"type":"if","locations":[{"start":{"line":366,"column":8},"end":{"line":366,"column":8}},{"start":{"line":366,"column":8},"end":{"line":366,"column":8}}]},"17":{"line":370,"type":"if","locations":[{"start":{"line":370,"column":8},"end":{"line":370,"column":8}},{"start":{"line":370,"column":8},"end":{"line":370,"column":8}}]},"18":{"line":422,"type":"if","locations":[{"start":{"line":422,"column":12},"end":{"line":422,"column":12}},{"start":{"line":422,"column":12},"end":{"line":422,"column":12}}]},"19":{"line":427,"type":"if","locations":[{"start":{"line":427,"column":12},"end":{"line":427,"column":12}},{"start":{"line":427,"column":12},"end":{"line":427,"column":12}}]},"20":{"line":429,"type":"if","locations":[{"start":{"line":429,"column":19},"end":{"line":429,"column":19}},{"start":{"line":429,"column":19},"end":{"line":429,"column":19}}]},"21":{"line":437,"type":"if","locations":[{"start":{"line":437,"column":8},"end":{"line":437,"column":8}},{"start":{"line":437,"column":8},"end":{"line":437,"column":8}}]},"22":{"line":447,"type":"if","locations":[{"start":{"line":447,"column":8},"end":{"line":447,"column":8}},{"start":{"line":447,"column":8},"end":{"line":447,"column":8}}]},"23":{"line":450,"type":"if","locations":[{"start":{"line":450,"column":8},"end":{"line":450,"column":8}},{"start":{"line":450,"column":8},"end":{"line":450,"column":8}}]},"24":{"line":474,"type":"if","locations":[{"start":{"line":474,"column":8},"end":{"line":474,"column":8}},{"start":{"line":474,"column":8},"end":{"line":474,"column":8}}]},"25":{"line":480,"type":"if","locations":[{"start":{"line":480,"column":8},"end":{"line":480,"column":8}},{"start":{"line":480,"column":8},"end":{"line":480,"column":8}}]},"26":{"line":528,"type":"if","locations":[{"start":{"line":528,"column":8},"end":{"line":528,"column":8}},{"start":{"line":528,"column":8},"end":{"line":528,"column":8}}]},"27":{"line":544,"type":"if","locations":[{"start":{"line":544,"column":8},"end":{"line":544,"column":8}},{"start":{"line":544,"column":8},"end":{"line":544,"column":8}}]},"28":{"line":545,"type":"if","locations":[{"start":{"line":545,"column":8},"end":{"line":545,"column":8}},{"start":{"line":545,"column":8},"end":{"line":545,"column":8}}]},"29":{"line":548,"type":"if","locations":[{"start":{"line":548,"column":8},"end":{"line":548,"column":8}},{"start":{"line":548,"column":8},"end":{"line":548,"column":8}}]},"30":{"line":556,"type":"if","locations":[{"start":{"line":556,"column":8},"end":{"line":556,"column":8}},{"start":{"line":556,"column":8},"end":{"line":556,"column":8}}]},"31":{"line":574,"type":"if","locations":[{"start":{"line":574,"column":8},"end":{"line":574,"column":8}},{"start":{"line":574,"column":8},"end":{"line":574,"column":8}}]},"32":{"line":575,"type":"if","locations":[{"start":{"line":575,"column":8},"end":{"line":575,"column":8}},{"start":{"line":575,"column":8},"end":{"line":575,"column":8}}]},"33":{"line":607,"type":"if","locations":[{"start":{"line":607,"column":8},"end":{"line":607,"column":8}},{"start":{"line":607,"column":8},"end":{"line":607,"column":8}}]},"34":{"line":638,"type":"if","locations":[{"start":{"line":638,"column":8},"end":{"line":638,"column":8}},{"start":{"line":638,"column":8},"end":{"line":638,"column":8}}]},"35":{"line":643,"type":"if","locations":[{"start":{"line":643,"column":8},"end":{"line":643,"column":8}},{"start":{"line":643,"column":8},"end":{"line":643,"column":8}}]},"36":{"line":646,"type":"if","locations":[{"start":{"line":646,"column":8},"end":{"line":646,"column":8}},{"start":{"line":646,"column":8},"end":{"line":646,"column":8}}]},"37":{"line":663,"type":"if","locations":[{"start":{"line":663,"column":8},"end":{"line":663,"column":8}},{"start":{"line":663,"column":8},"end":{"line":663,"column":8}}]},"38":{"line":673,"type":"if","locations":[{"start":{"line":673,"column":8},"end":{"line":673,"column":8}},{"start":{"line":673,"column":8},"end":{"line":673,"column":8}}]},"39":{"line":750,"type":"if","locations":[{"start":{"line":750,"column":8},"end":{"line":750,"column":8}},{"start":{"line":750,"column":8},"end":{"line":750,"column":8}}]},"40":{"line":755,"type":"if","locations":[{"start":{"line":755,"column":8},"end":{"line":755,"column":8}},{"start":{"line":755,"column":8},"end":{"line":755,"column":8}}]},"41":{"line":758,"type":"if","locations":[{"start":{"line":758,"column":8},"end":{"line":758,"column":8}},{"start":{"line":758,"column":8},"end":{"line":758,"column":8}}]},"42":{"line":760,"type":"if","locations":[{"start":{"line":760,"column":8},"end":{"line":760,"column":8}},{"start":{"line":760,"column":8},"end":{"line":760,"column":8}}]},"43":{"line":765,"type":"if","locations":[{"start":{"line":765,"column":8},"end":{"line":765,"column":8}},{"start":{"line":765,"column":8},"end":{"line":765,"column":8}}]},"44":{"line":792,"type":"if","locations":[{"start":{"line":792,"column":8},"end":{"line":792,"column":8}},{"start":{"line":792,"column":8},"end":{"line":792,"column":8}}]},"45":{"line":803,"type":"if","locations":[{"start":{"line":803,"column":8},"end":{"line":803,"column":8}},{"start":{"line":803,"column":8},"end":{"line":803,"column":8}}]},"46":{"line":804,"type":"if","locations":[{"start":{"line":804,"column":12},"end":{"line":804,"column":12}},{"start":{"line":804,"column":12},"end":{"line":804,"column":12}}]},"47":{"line":806,"type":"if","locations":[{"start":{"line":806,"column":12},"end":{"line":806,"column":12}},{"start":{"line":806,"column":12},"end":{"line":806,"column":12}}]},"48":{"line":860,"type":"if","locations":[{"start":{"line":860,"column":8},"end":{"line":860,"column":8}},{"start":{"line":860,"column":8},"end":{"line":860,"column":8}}]},"49":{"line":880,"type":"if","locations":[{"start":{"line":880,"column":8},"end":{"line":880,"column":8}},{"start":{"line":880,"column":8},"end":{"line":880,"column":8}}]},"50":{"line":921,"type":"if","locations":[{"start":{"line":921,"column":8},"end":{"line":921,"column":8}},{"start":{"line":921,"column":8},"end":{"line":921,"column":8}}]},"51":{"line":938,"type":"if","locations":[{"start":{"line":938,"column":8},"end":{"line":938,"column":8}},{"start":{"line":938,"column":8},"end":{"line":938,"column":8}}]},"52":{"line":966,"type":"if","locations":[{"start":{"line":966,"column":8},"end":{"line":966,"column":8}},{"start":{"line":966,"column":8},"end":{"line":966,"column":8}}]},"53":{"line":980,"type":"if","locations":[{"start":{"line":980,"column":8},"end":{"line":980,"column":8}},{"start":{"line":980,"column":8},"end":{"line":980,"column":8}}]},"54":{"line":1001,"type":"if","locations":[{"start":{"line":1001,"column":8},"end":{"line":1001,"column":8}},{"start":{"line":1001,"column":8},"end":{"line":1001,"column":8}}]},"55":{"line":1014,"type":"if","locations":[{"start":{"line":1014,"column":8},"end":{"line":1014,"column":8}},{"start":{"line":1014,"column":8},"end":{"line":1014,"column":8}}]},"56":{"line":1026,"type":"if","locations":[{"start":{"line":1026,"column":8},"end":{"line":1026,"column":8}},{"start":{"line":1026,"column":8},"end":{"line":1026,"column":8}}]}}},"contracts/OptionsExchange.sol":{"l":{"16":2,"51":0,"52":0,"53":0,"54":0,"61":0,"84":0,"85":0,"86":0,"102":0,"103":0,"107":0,"109":0,"112":0,"114":0,"130":0,"131":0,"135":0,"137":0,"140":0,"143":0,"152":0,"153":0,"155":0,"157":0,"158":0,"167":0,"168":0,"186":0,"188":0,"189":0,"193":0,"198":0,"205":0,"207":0,"216":0,"227":0,"231":0,"233":0,"242":0,"256":0,"260":0,"261":0,"264":0,"268":0},"path":"/Users/antonasso/programming/opyn/OptionsProtocol/contracts/OptionsExchange.sol","s":{"1":2,"2":0,"3":0,"4":0,"5":0,"6":0,"7":0,"8":0,"9":0,"10":0,"11":0,"12":0,"13":0,"14":0,"15":0,"16":0,"17":0,"18":0,"19":0,"20":0,"21":0,"22":0,"23":0,"24":0,"25":0,"26":0,"27":0,"28":0,"29":0,"30":0,"31":0,"32":0,"33":0,"34":0,"35":0,"36":0,"37":0,"38":0,"39":0,"40":0,"41":0,"42":0,"43":0,"44":0,"45":0},"b":{"1":[0,0],"2":[0,0],"3":[0,0],"4":[0,0],"5":[0,0],"6":[0,0],"7":[0,0]},"f":{"1":2,"2":0,"3":0,"4":0,"5":0,"6":0,"7":0,"8":0,"9":0,"10":0},"fnMap":{"1":{"name":"constructor","line":15,"loc":{"start":{"line":15,"column":4},"end":{"line":17,"column":4}}},"2":{"name":"sellOTokens","line":44,"loc":{"start":{"line":44,"column":4},"end":{"line":69,"column":4}}},"3":{"name":"buyOTokens","line":78,"loc":{"start":{"line":78,"column":4},"end":{"line":87,"column":4}}},"4":{"name":"premiumReceived","line":96,"loc":{"start":{"line":96,"column":4},"end":{"line":115,"column":4}}},"5":{"name":"premiumToPay","line":124,"loc":{"start":{"line":124,"column":4},"end":{"line":144,"column":4}}},"6":{"name":"uniswapSellOToken","line":146,"loc":{"start":{"line":146,"column":4},"end":{"line":178,"column":4}}},"7":{"name":"uniswapBuyOToken","line":180,"loc":{"start":{"line":180,"column":4},"end":{"line":249,"column":4}}},"8":{"name":"getExchange","line":251,"loc":{"start":{"line":251,"column":4},"end":{"line":265,"column":4}}},"9":{"name":"isETH","line":267,"loc":{"start":{"line":267,"column":4},"end":{"line":269,"column":4}}},"10":{"name":"","line":271,"loc":{"start":{"line":271,"column":4},"end":{"line":273,"column":4}}}},"statementMap":{"1":{"start":{"line":16,"column":8},"end":{"line":16,"column":64}},"2":{"start":{"line":51,"column":8},"end":{"line":51,"column":45}},"3":{"start":{"line":52,"column":8},"end":{"line":52,"column":55}},"4":{"start":{"line":53,"column":8},"end":{"line":53,"column":68}},"5":{"start":{"line":54,"column":8},"end":{"line":54,"column":1840}},"6":{"start":{"line":61,"column":8},"end":{"line":61,"column":2003}},"7":{"start":{"line":84,"column":8},"end":{"line":84,"column":45}},"8":{"start":{"line":85,"column":8},"end":{"line":85,"column":57}},"9":{"start":{"line":86,"column":8},"end":{"line":86,"column":69}},"10":{"start":{"line":102,"column":8},"end":{"line":102,"column":76}},"11":{"start":{"line":103,"column":8},"end":{"line":103,"column":3625}},"12":{"start":{"line":107,"column":8},"end":{"line":107,"column":3732}},"13":{"start":{"line":109,"column":12},"end":{"line":109,"column":3888}},"14":{"start":{"line":112,"column":12},"end":{"line":112,"column":70}},"15":{"start":{"line":114,"column":8},"end":{"line":114,"column":26}},"16":{"start":{"line":130,"column":8},"end":{"line":130,"column":76}},"17":{"start":{"line":131,"column":8},"end":{"line":131,"column":4756}},"18":{"start":{"line":135,"column":8},"end":{"line":135,"column":4860}},"19":{"start":{"line":137,"column":12},"end":{"line":137,"column":5018}},"20":{"start":{"line":140,"column":12},"end":{"line":140,"column":74}},"21":{"start":{"line":143,"column":8},"end":{"line":143,"column":23}},"22":{"start":{"line":152,"column":8},"end":{"line":152,"column":55}},"23":{"start":{"line":153,"column":8},"end":{"line":153,"column":72}},"24":{"start":{"line":155,"column":8},"end":{"line":155,"column":5561}},"25":{"start":{"line":157,"column":12},"end":{"line":157,"column":50}},"26":{"start":{"line":158,"column":12},"end":{"line":158,"column":5688}},"27":{"start":{"line":167,"column":12},"end":{"line":167,"column":50}},"28":{"start":{"line":168,"column":12},"end":{"line":168,"column":5994}},"29":{"start":{"line":186,"column":8},"end":{"line":186,"column":54}},"30":{"start":{"line":188,"column":8},"end":{"line":188,"column":6504}},"31":{"start":{"line":189,"column":12},"end":{"line":189,"column":6549}},"32":{"start":{"line":193,"column":12},"end":{"line":193,"column":6664}},"33":{"start":{"line":198,"column":12},"end":{"line":198,"column":6831}},"34":{"start":{"line":205,"column":12},"end":{"line":205,"column":73}},"35":{"start":{"line":207,"column":12},"end":{"line":207,"column":7093}},"36":{"start":{"line":216,"column":12},"end":{"line":216,"column":7333}},"37":{"start":{"line":227,"column":12},"end":{"line":227,"column":7662}},"38":{"start":{"line":231,"column":12},"end":{"line":231,"column":75}},"39":{"start":{"line":233,"column":12},"end":{"line":233,"column":7890}},"40":{"start":{"line":242,"column":12},"end":{"line":242,"column":8120}},"41":{"start":{"line":256,"column":8},"end":{"line":256,"column":8451}},"42":{"start":{"line":260,"column":8},"end":{"line":260,"column":8579}},"43":{"start":{"line":261,"column":12},"end":{"line":261,"column":39}},"44":{"start":{"line":264,"column":8},"end":{"line":264,"column":23}},"45":{"start":{"line":268,"column":8},"end":{"line":268,"column":35}}},"branchMap":{"1":{"line":107,"type":"if","locations":[{"start":{"line":107,"column":8},"end":{"line":107,"column":8}},{"start":{"line":107,"column":8},"end":{"line":107,"column":8}}]},"2":{"line":135,"type":"if","locations":[{"start":{"line":135,"column":8},"end":{"line":135,"column":8}},{"start":{"line":135,"column":8},"end":{"line":135,"column":8}}]},"3":{"line":152,"type":"if","locations":[{"start":{"line":152,"column":8},"end":{"line":152,"column":8}},{"start":{"line":152,"column":8},"end":{"line":152,"column":8}}]},"4":{"line":155,"type":"if","locations":[{"start":{"line":155,"column":8},"end":{"line":155,"column":8}},{"start":{"line":155,"column":8},"end":{"line":155,"column":8}}]},"5":{"line":186,"type":"if","locations":[{"start":{"line":186,"column":8},"end":{"line":186,"column":8}},{"start":{"line":186,"column":8},"end":{"line":186,"column":8}}]},"6":{"line":188,"type":"if","locations":[{"start":{"line":188,"column":8},"end":{"line":188,"column":8}},{"start":{"line":188,"column":8},"end":{"line":188,"column":8}}]},"7":{"line":260,"type":"if","locations":[{"start":{"line":260,"column":8},"end":{"line":260,"column":8}},{"start":{"line":260,"column":8},"end":{"line":260,"column":8}}]}}},"contracts/OptionsFactory.sol":{"l":{"33":2,"34":2,"62":17,"63":15,"64":13,"68":13,"72":13,"74":13,"89":13,"90":13,"93":13,"95":13,"102":2,"112":25,"113":21,"115":21,"116":21,"125":3,"129":1,"131":1,"132":1,"140":3,"145":1,"146":1,"154":66,"155":18,"158":48},"path":"/Users/antonasso/programming/opyn/OptionsProtocol/contracts/OptionsFactory.sol","s":{"1":2,"2":2,"3":17,"4":15,"5":13,"6":13,"7":13,"8":13,"9":13,"10":13,"11":13,"12":13,"13":2,"14":25,"15":21,"16":21,"17":21,"18":3,"19":1,"20":1,"21":1,"22":3,"23":1,"24":1,"25":66,"26":18,"27":48},"b":{"1":[15,2],"2":[13,2],"3":[13,0],"4":[13,0],"5":[13,0],"6":[21,4],"7":[21,0],"8":[1,2],"9":[1,0],"10":[1,2],"11":[18,48]},"f":{"1":2,"2":17,"3":2,"4":25,"5":3,"6":3,"7":66},"fnMap":{"1":{"name":"constructor","line":30,"loc":{"start":{"line":30,"column":4},"end":{"line":35,"column":4}}},"2":{"name":"createOptionsContract","line":50,"loc":{"start":{"line":50,"column":4},"end":{"line":96,"column":4}}},"3":{"name":"getNumberOfOptionsContracts","line":101,"loc":{"start":{"line":101,"column":4},"end":{"line":103,"column":4}}},"4":{"name":"addAsset","line":111,"loc":{"start":{"line":111,"column":4},"end":{"line":117,"column":4}}},"5":{"name":"changeAsset","line":124,"loc":{"start":{"line":124,"column":4},"end":{"line":133,"column":4}}},"6":{"name":"deleteAsset","line":139,"loc":{"start":{"line":139,"column":4},"end":{"line":147,"column":4}}},"7":{"name":"supportsAsset","line":153,"loc":{"start":{"line":153,"column":4},"end":{"line":159,"column":4}}}},"statementMap":{"1":{"start":{"line":33,"column":8},"end":{"line":33,"column":62}},"2":{"start":{"line":34,"column":8},"end":{"line":34,"column":37}},"3":{"start":{"line":62,"column":8},"end":{"line":62,"column":76}},"4":{"start":{"line":63,"column":8},"end":{"line":63,"column":61}},"5":{"start":{"line":64,"column":8},"end":{"line":64,"column":2517}},"6":{"start":{"line":68,"column":8},"end":{"line":68,"column":2633}},"7":{"start":{"line":72,"column":8},"end":{"line":72,"column":78}},"8":{"start":{"line":74,"column":8},"end":{"line":74,"column":2832}},"9":{"start":{"line":89,"column":8},"end":{"line":89,"column":54}},"10":{"start":{"line":90,"column":8},"end":{"line":90,"column":61}},"11":{"start":{"line":93,"column":8},"end":{"line":93,"column":49}},"12":{"start":{"line":95,"column":8},"end":{"line":95,"column":39}},"13":{"start":{"line":102,"column":8},"end":{"line":102,"column":38}},"14":{"start":{"line":112,"column":8},"end":{"line":112,"column":61}},"15":{"start":{"line":113,"column":8},"end":{"line":113,"column":63}},"16":{"start":{"line":115,"column":8},"end":{"line":115,"column":37}},"17":{"start":{"line":116,"column":8},"end":{"line":116,"column":38}},"18":{"start":{"line":125,"column":8},"end":{"line":125,"column":4568}},"19":{"start":{"line":129,"column":8},"end":{"line":129,"column":63}},"20":{"start":{"line":131,"column":8},"end":{"line":131,"column":37}},"21":{"start":{"line":132,"column":8},"end":{"line":132,"column":40}},"22":{"start":{"line":140,"column":8},"end":{"line":140,"column":5069}},"23":{"start":{"line":145,"column":8},"end":{"line":145,"column":33}},"24":{"start":{"line":146,"column":8},"end":{"line":146,"column":33}},"25":{"start":{"line":154,"column":8},"end":{"line":154,"column":5487}},"26":{"start":{"line":155,"column":12},"end":{"line":155,"column":23}},"27":{"start":{"line":158,"column":8},"end":{"line":158,"column":42}}},"branchMap":{"1":{"line":62,"type":"if","locations":[{"start":{"line":62,"column":8},"end":{"line":62,"column":8}},{"start":{"line":62,"column":8},"end":{"line":62,"column":8}}]},"2":{"line":63,"type":"if","locations":[{"start":{"line":63,"column":8},"end":{"line":63,"column":8}},{"start":{"line":63,"column":8},"end":{"line":63,"column":8}}]},"3":{"line":64,"type":"if","locations":[{"start":{"line":64,"column":8},"end":{"line":64,"column":8}},{"start":{"line":64,"column":8},"end":{"line":64,"column":8}}]},"4":{"line":68,"type":"if","locations":[{"start":{"line":68,"column":8},"end":{"line":68,"column":8}},{"start":{"line":68,"column":8},"end":{"line":68,"column":8}}]},"5":{"line":72,"type":"if","locations":[{"start":{"line":72,"column":8},"end":{"line":72,"column":8}},{"start":{"line":72,"column":8},"end":{"line":72,"column":8}}]},"6":{"line":112,"type":"if","locations":[{"start":{"line":112,"column":8},"end":{"line":112,"column":8}},{"start":{"line":112,"column":8},"end":{"line":112,"column":8}}]},"7":{"line":113,"type":"if","locations":[{"start":{"line":113,"column":8},"end":{"line":113,"column":8}},{"start":{"line":113,"column":8},"end":{"line":113,"column":8}}]},"8":{"line":125,"type":"if","locations":[{"start":{"line":125,"column":8},"end":{"line":125,"column":8}},{"start":{"line":125,"column":8},"end":{"line":125,"column":8}}]},"9":{"line":129,"type":"if","locations":[{"start":{"line":129,"column":8},"end":{"line":129,"column":8}},{"start":{"line":129,"column":8},"end":{"line":129,"column":8}}]},"10":{"line":140,"type":"if","locations":[{"start":{"line":140,"column":8},"end":{"line":140,"column":8}},{"start":{"line":140,"column":8},"end":{"line":140,"column":8}}]},"11":{"line":154,"type":"if","locations":[{"start":{"line":154,"column":8},"end":{"line":154,"column":8}},{"start":{"line":154,"column":8},"end":{"line":154,"column":8}}]}}},"contracts/OptionsUtils.sol":{"l":{"16":0,"17":0,"26":0,"27":0,"30":0,"34":0,"38":0},"path":"/Users/antonasso/programming/opyn/OptionsProtocol/contracts/OptionsUtils.sol","s":{"1":0,"2":0,"3":0,"4":0,"5":0,"6":0,"7":0},"b":{"1":[0,0]},"f":{"1":0,"2":0,"3":0},"fnMap":{"1":{"name":"constructor","line":15,"loc":{"start":{"line":15,"column":4},"end":{"line":18,"column":4}}},"2":{"name":"getExchange","line":21,"loc":{"start":{"line":21,"column":4},"end":{"line":35,"column":4}}},"3":{"name":"isETH","line":37,"loc":{"start":{"line":37,"column":4},"end":{"line":39,"column":4}}}},"statementMap":{"1":{"start":{"line":16,"column":8},"end":{"line":16,"column":64}},"2":{"start":{"line":17,"column":8},"end":{"line":17,"column":64}},"3":{"start":{"line":26,"column":8},"end":{"line":26,"column":798}},"4":{"start":{"line":27,"column":12},"end":{"line":27,"column":39}},"5":{"start":{"line":30,"column":8},"end":{"line":30,"column":925}},"6":{"start":{"line":34,"column":8},"end":{"line":34,"column":23}},"7":{"start":{"line":38,"column":8},"end":{"line":38,"column":35}}},"branchMap":{"1":{"line":26,"type":"if","locations":[{"start":{"line":26,"column":8},"end":{"line":26,"column":8}},{"start":{"line":26,"column":8},"end":{"line":26,"column":8}}]}}},"contracts/Oracle.sol":{"l":{"21":0,"23":0,"24":0,"25":0,"26":0,"27":0,"28":0,"29":0,"31":0,"32":0,"33":0,"34":0,"35":0,"36":0,"38":0,"39":0,"40":0,"41":0,"42":0,"43":0,"44":0,"46":0,"47":0,"48":0,"49":0,"50":0,"51":0,"55":0,"59":0,"60":0,"62":0,"64":0,"65":0,"67":0,"68":0,"69":0,"72":0,"73":0,"75":0,"76":0,"79":0,"85":0,"87":0,"92":0,"95":0,"96":0,"97":0,"98":0},"path":"/Users/antonasso/programming/opyn/OptionsProtocol/contracts/Oracle.sol","s":{"1":0,"2":0,"3":0,"4":0,"5":0,"6":0,"7":0,"8":0,"9":0,"10":0,"11":0,"12":0,"13":0,"14":0,"15":0,"16":0,"17":0,"18":0,"19":0,"20":0,"21":0,"22":0,"23":0,"24":0,"25":0,"26":0,"27":0,"28":0,"29":0,"30":0,"31":0,"32":0,"33":0,"34":0,"35":0,"36":0,"37":0,"38":0,"39":0,"40":0,"41":0,"42":0,"43":0,"44":0,"45":0,"46":0,"47":0,"48":0,"49":0},"b":{"1":[0,0],"2":[0,0],"3":[0,0],"4":[0,0]},"f":{"1":0,"2":0,"3":0,"4":0},"fnMap":{"1":{"name":"constructor","line":20,"loc":{"start":{"line":20,"column":4},"end":{"line":52,"column":4}}},"2":{"name":"isCETH","line":54,"loc":{"start":{"line":54,"column":4},"end":{"line":56,"column":4}}},"3":{"name":"getPrice","line":58,"loc":{"start":{"line":58,"column":4},"end":{"line":89,"column":4}}},"4":{"name":"getPriceUnderlying","line":91,"loc":{"start":{"line":91,"column":4},"end":{"line":99,"column":4}}}},"statementMap":{"1":{"start":{"line":21,"column":8},"end":{"line":21,"column":60}},"2":{"start":{"line":23,"column":8},"end":{"line":23,"column":65}},"3":{"start":{"line":24,"column":8},"end":{"line":24,"column":65}},"4":{"start":{"line":25,"column":8},"end":{"line":25,"column":56}},"5":{"start":{"line":26,"column":8},"end":{"line":26,"column":65}},"6":{"start":{"line":27,"column":8},"end":{"line":27,"column":66}},"7":{"start":{"line":28,"column":8},"end":{"line":28,"column":66}},"8":{"start":{"line":29,"column":8},"end":{"line":29,"column":65}},"9":{"start":{"line":31,"column":8},"end":{"line":31,"column":64}},"10":{"start":{"line":32,"column":8},"end":{"line":32,"column":64}},"11":{"start":{"line":33,"column":8},"end":{"line":33,"column":64}},"12":{"start":{"line":34,"column":8},"end":{"line":34,"column":65}},"13":{"start":{"line":35,"column":8},"end":{"line":35,"column":65}},"14":{"start":{"line":36,"column":8},"end":{"line":36,"column":64}},"15":{"start":{"line":38,"column":8},"end":{"line":38,"column":28}},"16":{"start":{"line":39,"column":8},"end":{"line":39,"column":28}},"17":{"start":{"line":40,"column":8},"end":{"line":40,"column":28}},"18":{"start":{"line":41,"column":8},"end":{"line":41,"column":28}},"19":{"start":{"line":42,"column":8},"end":{"line":42,"column":29}},"20":{"start":{"line":43,"column":8},"end":{"line":43,"column":29}},"21":{"start":{"line":44,"column":8},"end":{"line":44,"column":28}},"22":{"start":{"line":46,"column":8},"end":{"line":46,"column":33}},"23":{"start":{"line":47,"column":8},"end":{"line":47,"column":33}},"24":{"start":{"line":48,"column":8},"end":{"line":48,"column":33}},"25":{"start":{"line":49,"column":8},"end":{"line":49,"column":35}},"26":{"start":{"line":50,"column":8},"end":{"line":50,"column":35}},"27":{"start":{"line":51,"column":8},"end":{"line":51,"column":33}},"28":{"start":{"line":55,"column":8},"end":{"line":55,"column":28}},"29":{"start":{"line":59,"column":8},"end":{"line":59,"column":2174}},"30":{"start":{"line":60,"column":12},"end":{"line":60,"column":27}},"31":{"start":{"line":62,"column":12},"end":{"line":62,"column":2263}},"32":{"start":{"line":64,"column":16},"end":{"line":64,"column":63}},"33":{"start":{"line":65,"column":16},"end":{"line":65,"column":66}},"34":{"start":{"line":67,"column":16},"end":{"line":67,"column":2470}},"35":{"start":{"line":68,"column":20},"end":{"line":68,"column":46}},"36":{"start":{"line":69,"column":20},"end":{"line":69,"column":54}},"37":{"start":{"line":72,"column":16},"end":{"line":72,"column":63}},"38":{"start":{"line":73,"column":16},"end":{"line":73,"column":2710}},"39":{"start":{"line":75,"column":16},"end":{"line":75,"column":40}},"40":{"start":{"line":76,"column":16},"end":{"line":76,"column":72}},"41":{"start":{"line":79,"column":16},"end":{"line":79,"column":3030}},"42":{"start":{"line":83,"column":19},"end":{"line":83,"column":3188}},"43":{"start":{"line":85,"column":16},"end":{"line":85,"column":48}},"44":{"start":{"line":87,"column":12},"end":{"line":87,"column":20}},"45":{"start":{"line":92,"column":8},"end":{"line":92,"column":3479}},"46":{"start":{"line":95,"column":8},"end":{"line":95,"column":65}},"47":{"start":{"line":96,"column":8},"end":{"line":96,"column":32}},"48":{"start":{"line":97,"column":8},"end":{"line":97,"column":59}},"49":{"start":{"line":98,"column":8},"end":{"line":98,"column":48}}},"branchMap":{"1":{"line":59,"type":"if","locations":[{"start":{"line":59,"column":8},"end":{"line":59,"column":8}},{"start":{"line":59,"column":8},"end":{"line":59,"column":8}}]},"2":{"line":62,"type":"if","locations":[{"start":{"line":62,"column":12},"end":{"line":62,"column":12}},{"start":{"line":62,"column":12},"end":{"line":62,"column":12}}]},"3":{"line":67,"type":"if","locations":[{"start":{"line":67,"column":16},"end":{"line":67,"column":16}},{"start":{"line":67,"column":16},"end":{"line":67,"column":16}}]},"4":{"line":83,"type":"if","locations":[{"start":{"line":83,"column":19},"end":{"line":83,"column":19}},{"start":{"line":83,"column":19},"end":{"line":83,"column":19}}]}}},"contracts/oToken.sol":{"l":{"70":5,"71":5,"87":5,"88":5,"100":0,"101":0,"102":0,"103":0,"120":0,"121":0,"122":0,"123":0,"146":5,"147":5,"165":5,"166":5,"180":0,"181":0,"182":0,"183":0,"202":0,"203":0,"204":0,"205":0},"path":"/Users/antonasso/programming/opyn/OptionsProtocol/contracts/oToken.sol","s":{"1":5,"2":5,"3":5,"4":5,"5":0,"6":0,"7":0,"8":0,"9":0,"10":0,"11":0,"12":0,"13":5,"14":5,"15":5,"16":5,"17":0,"18":0,"19":0,"20":0,"21":0,"22":0,"23":0,"24":0},"b":{},"f":{"1":13,"2":5,"3":5,"4":0,"5":0,"6":5,"7":5,"8":0,"9":0},"fnMap":{"1":{"name":"constructor","line":54,"loc":{"start":{"line":26,"column":4},"end":{"line":55,"column":5}}},"2":{"name":"createETHCollateralOption","line":66,"loc":{"start":{"line":66,"column":4},"end":{"line":72,"column":4}}},"3":{"name":"addETHCollateralOption","line":83,"loc":{"start":{"line":83,"column":4},"end":{"line":89,"column":4}}},"4":{"name":"createAndSellETHCollateralOption","line":96,"loc":{"start":{"line":96,"column":4},"end":{"line":109,"column":4}}},"5":{"name":"addAndSellETHCollateralOption","line":116,"loc":{"start":{"line":116,"column":4},"end":{"line":129,"column":4}}},"6":{"name":"createERC20CollateralOption","line":141,"loc":{"start":{"line":141,"column":4},"end":{"line":148,"column":4}}},"7":{"name":"addERC20CollateralOption","line":160,"loc":{"start":{"line":160,"column":4},"end":{"line":167,"column":4}}},"8":{"name":"createAndSellERC20CollateralOption","line":175,"loc":{"start":{"line":175,"column":4},"end":{"line":189,"column":4}}},"9":{"name":"addAndSellERC20CollateralOption","line":197,"loc":{"start":{"line":197,"column":4},"end":{"line":211,"column":4}}}},"statementMap":{"1":{"start":{"line":70,"column":8},"end":{"line":70,"column":18}},"2":{"start":{"line":71,"column":8},"end":{"line":71,"column":52}},"3":{"start":{"line":87,"column":8},"end":{"line":87,"column":35}},"4":{"start":{"line":88,"column":8},"end":{"line":88,"column":42}},"5":{"start":{"line":100,"column":8},"end":{"line":100,"column":18}},"6":{"start":{"line":101,"column":8},"end":{"line":101,"column":57}},"7":{"start":{"line":102,"column":8},"end":{"line":102,"column":58}},"8":{"start":{"line":103,"column":8},"end":{"line":103,"column":3644}},"9":{"start":{"line":120,"column":8},"end":{"line":120,"column":35}},"10":{"start":{"line":121,"column":8},"end":{"line":121,"column":47}},"11":{"start":{"line":122,"column":8},"end":{"line":122,"column":58}},"12":{"start":{"line":123,"column":8},"end":{"line":123,"column":4311}},"13":{"start":{"line":146,"column":8},"end":{"line":146,"column":18}},"14":{"start":{"line":147,"column":8},"end":{"line":147,"column":69}},"15":{"start":{"line":165,"column":8},"end":{"line":165,"column":52}},"16":{"start":{"line":166,"column":8},"end":{"line":166,"column":42}},"17":{"start":{"line":180,"column":8},"end":{"line":180,"column":18}},"18":{"start":{"line":181,"column":8},"end":{"line":181,"column":74}},"19":{"start":{"line":182,"column":8},"end":{"line":182,"column":58}},"20":{"start":{"line":183,"column":8},"end":{"line":183,"column":6612}},"21":{"start":{"line":202,"column":8},"end":{"line":202,"column":52}},"22":{"start":{"line":203,"column":8},"end":{"line":203,"column":47}},"23":{"start":{"line":204,"column":8},"end":{"line":204,"column":58}},"24":{"start":{"line":205,"column":8},"end":{"line":205,"column":7353}}},"branchMap":{}},"contracts/test/TestImports.sol":{"l":{},"path":"/Users/antonasso/programming/opyn/OptionsProtocol/contracts/test/TestImports.sol","s":{},"b":{},"f":{"1":0},"fnMap":{"1":{"name":"constructor","line":7,"loc":{"start":{"line":7,"column":4},"end":{"line":7,"column":26}}}},"statementMap":{},"branchMap":{}}}