{"contracts/lib/CompoundOracleInterface.sol":{"l":{},"path":"/Users/haythem96/Projects/Opyn/OptionsProtocol/contracts/lib/CompoundOracleInterface.sol","s":{},"b":{},"f":{"1":0},"fnMap":{"1":{"name":"constructor","line":8,"loc":{"start":{"line":8,"column":4},"end":{"line":8,"column":22}}}},"statementMap":{},"branchMap":{}},"contracts/lib/CTokenInterface.sol":{"l":{},"path":"/Users/haythem96/Projects/Opyn/OptionsProtocol/contracts/lib/CTokenInterface.sol","s":{},"b":{},"f":{},"fnMap":{},"statementMap":{},"branchMap":{}},"contracts/lib/Dai.sol":{"l":{"34":0,"35":0,"79":0,"80":0,"99":0,"102":0,"111":0,"112":0,"123":0,"128":0,"129":0,"130":0,"131":0,"133":0,"134":0,"135":0,"136":0,"139":0,"140":0,"141":0,"144":0,"145":0,"146":0,"147":0,"149":0,"150":0,"151":0,"154":0,"155":0,"156":0,"161":0,"164":0,"167":0,"174":0,"186":0,"187":0,"188":0,"189":0,"190":0,"191":0,"192":0},"path":"/Users/haythem96/Projects/Opyn/OptionsProtocol/contracts/lib/Dai.sol","s":{"1":0,"2":0,"3":0,"4":0,"5":0,"6":0,"7":0,"8":0,"9":0,"10":0,"11":0,"12":0,"13":0,"14":0,"15":0,"16":0,"17":0,"18":0,"19":0,"20":0,"21":0,"22":0,"23":0,"24":0,"25":0,"26":0,"27":0,"28":0,"29":0,"30":0,"31":0,"32":0,"33":0,"34":0,"35":0,"36":0,"37":0,"38":0,"39":0,"40":0},"b":{"1":[0,0],"2":[0,0],"3":[0,0],"4":[0,0],"5":[0,0],"6":[0,0],"7":[0,0],"8":[0,0],"9":[0,0],"10":[0,0],"11":[0,0],"12":[0,0],"13":[0,0]},"f":{"1":0,"2":0,"3":0,"4":0,"5":0,"6":0,"7":0,"8":0,"9":0,"10":0,"11":0,"12":0,"13":0,"14":0,"15":0,"16":0},"fnMap":{"1":{"name":"note","line":33,"loc":{"start":{"line":33,"column":4},"end":{"line":33,"column":15}}},"2":{"name":"rely","line":76,"loc":{"start":{"line":76,"column":48},"end":{"line":76,"column":3}}},"3":{"name":"deny","line":77,"loc":{"start":{"line":77,"column":48},"end":{"line":77,"column":3}}},"4":{"name":"auth","line":78,"loc":{"start":{"line":78,"column":4},"end":{"line":78,"column":15}}},"5":{"name":"add","line":98,"loc":{"start":{"line":98,"column":4},"end":{"line":98,"column":61}}},"6":{"name":"sub","line":101,"loc":{"start":{"line":101,"column":4},"end":{"line":101,"column":61}}},"7":{"name":"constructor","line":110,"loc":{"start":{"line":110,"column":4},"end":{"line":110,"column":38}}},"8":{"name":"transfer","line":122,"loc":{"start":{"line":122,"column":4},"end":{"line":122,"column":66}}},"9":{"name":"transferFrom","line":125,"loc":{"start":{"line":125,"column":4},"end":{"line":127,"column":5}}},"10":{"name":"mint","line":138,"loc":{"start":{"line":138,"column":53},"end":{"line":138,"column":3}}},"11":{"name":"burn","line":143,"loc":{"start":{"line":143,"column":4},"end":{"line":143,"column":47}}},"12":{"name":"approve","line":153,"loc":{"start":{"line":153,"column":4},"end":{"line":153,"column":65}}},"13":{"name":"push","line":160,"loc":{"start":{"line":160,"column":4},"end":{"line":160,"column":47}}},"14":{"name":"pull","line":163,"loc":{"start":{"line":163,"column":4},"end":{"line":163,"column":47}}},"15":{"name":"move","line":166,"loc":{"start":{"line":166,"column":4},"end":{"line":166,"column":60}}},"16":{"name":"permit","line":171,"loc":{"start":{"line":171,"column":4},"end":{"line":173,"column":5}}}},"statementMap":{"1":{"start":{"line":76,"column":52},"end":{"line":76,"column":65}},"2":{"start":{"line":77,"column":52},"end":{"line":77,"column":65}},"3":{"start":{"line":79,"column":8},"end":{"line":79,"column":60}},"4":{"start":{"line":99,"column":8},"end":{"line":99,"column":32}},"5":{"start":{"line":102,"column":8},"end":{"line":102,"column":32}},"6":{"start":{"line":111,"column":8},"end":{"line":111,"column":28}},"7":{"start":{"line":112,"column":8},"end":{"line":112,"column":4550}},"8":{"start":{"line":123,"column":8},"end":{"line":123,"column":49}},"9":{"start":{"line":128,"column":8},"end":{"line":128,"column":65}},"10":{"start":{"line":129,"column":8},"end":{"line":129,"column":5164}},"11":{"start":{"line":130,"column":12},"end":{"line":130,"column":83}},"12":{"start":{"line":131,"column":12},"end":{"line":131,"column":76}},"13":{"start":{"line":133,"column":8},"end":{"line":133,"column":48}},"14":{"start":{"line":134,"column":8},"end":{"line":134,"column":48}},"15":{"start":{"line":135,"column":8},"end":{"line":135,"column":36}},"16":{"start":{"line":136,"column":8},"end":{"line":136,"column":19}},"17":{"start":{"line":139,"column":8},"end":{"line":139,"column":48}},"18":{"start":{"line":140,"column":8},"end":{"line":140,"column":45}},"19":{"start":{"line":141,"column":8},"end":{"line":141,"column":43}},"20":{"start":{"line":144,"column":8},"end":{"line":144,"column":65}},"21":{"start":{"line":145,"column":8},"end":{"line":145,"column":5908}},"22":{"start":{"line":146,"column":12},"end":{"line":146,"column":83}},"23":{"start":{"line":147,"column":12},"end":{"line":147,"column":76}},"24":{"start":{"line":149,"column":8},"end":{"line":149,"column":48}},"25":{"start":{"line":150,"column":8},"end":{"line":150,"column":45}},"26":{"start":{"line":151,"column":8},"end":{"line":151,"column":43}},"27":{"start":{"line":154,"column":8},"end":{"line":154,"column":39}},"28":{"start":{"line":155,"column":8},"end":{"line":155,"column":43}},"29":{"start":{"line":156,"column":8},"end":{"line":156,"column":19}},"30":{"start":{"line":161,"column":8},"end":{"line":161,"column":41}},"31":{"start":{"line":164,"column":8},"end":{"line":164,"column":41}},"32":{"start":{"line":167,"column":8},"end":{"line":167,"column":34}},"33":{"start":{"line":174,"column":8},"end":{"line":174,"column":7029}},"34":{"start":{"line":186,"column":8},"end":{"line":186,"column":61}},"35":{"start":{"line":187,"column":8},"end":{"line":187,"column":74}},"36":{"start":{"line":188,"column":8},"end":{"line":188,"column":66}},"37":{"start":{"line":189,"column":8},"end":{"line":189,"column":62}},"38":{"start":{"line":190,"column":8},"end":{"line":190,"column":41}},"39":{"start":{"line":191,"column":8},"end":{"line":191,"column":39}},"40":{"start":{"line":192,"column":8},"end":{"line":192,"column":43}}},"branchMap":{"1":{"line":79,"type":"if","locations":[{"start":{"line":79,"column":8},"end":{"line":79,"column":8}},{"start":{"line":79,"column":8},"end":{"line":79,"column":8}}]},"2":{"line":99,"type":"if","locations":[{"start":{"line":99,"column":8},"end":{"line":99,"column":8}},{"start":{"line":99,"column":8},"end":{"line":99,"column":8}}]},"3":{"line":102,"type":"if","locations":[{"start":{"line":102,"column":8},"end":{"line":102,"column":8}},{"start":{"line":102,"column":8},"end":{"line":102,"column":8}}]},"4":{"line":128,"type":"if","locations":[{"start":{"line":128,"column":8},"end":{"line":128,"column":8}},{"start":{"line":128,"column":8},"end":{"line":128,"column":8}}]},"5":{"line":129,"type":"if","locations":[{"start":{"line":129,"column":8},"end":{"line":129,"column":8}},{"start":{"line":129,"column":8},"end":{"line":129,"column":8}}]},"6":{"line":130,"type":"if","locations":[{"start":{"line":130,"column":12},"end":{"line":130,"column":12}},{"start":{"line":130,"column":12},"end":{"line":130,"column":12}}]},"7":{"line":144,"type":"if","locations":[{"start":{"line":144,"column":8},"end":{"line":144,"column":8}},{"start":{"line":144,"column":8},"end":{"line":144,"column":8}}]},"8":{"line":145,"type":"if","locations":[{"start":{"line":145,"column":8},"end":{"line":145,"column":8}},{"start":{"line":145,"column":8},"end":{"line":145,"column":8}}]},"9":{"line":146,"type":"if","locations":[{"start":{"line":146,"column":12},"end":{"line":146,"column":12}},{"start":{"line":146,"column":12},"end":{"line":146,"column":12}}]},"10":{"line":186,"type":"if","locations":[{"start":{"line":186,"column":8},"end":{"line":186,"column":8}},{"start":{"line":186,"column":8},"end":{"line":186,"column":8}}]},"11":{"line":187,"type":"if","locations":[{"start":{"line":187,"column":8},"end":{"line":187,"column":8}},{"start":{"line":187,"column":8},"end":{"line":187,"column":8}}]},"12":{"line":188,"type":"if","locations":[{"start":{"line":188,"column":8},"end":{"line":188,"column":8}},{"start":{"line":188,"column":8},"end":{"line":188,"column":8}}]},"13":{"line":189,"type":"if","locations":[{"start":{"line":189,"column":8},"end":{"line":189,"column":8}},{"start":{"line":189,"column":8},"end":{"line":189,"column":8}}]}}},"contracts/lib/MockCompoundOracle.sol":{"l":{"9":0,"13":0},"path":"/Users/haythem96/Projects/Opyn/OptionsProtocol/contracts/lib/MockCompoundOracle.sol","s":{"1":0,"2":0},"b":{},"f":{"1":2,"2":0,"3":0},"fnMap":{"1":{"name":"constructor","line":4,"loc":{"start":{"line":4,"column":4},"end":{"line":4,"column":22}}},"2":{"name":"getPrice","line":8,"loc":{"start":{"line":8,"column":4},"end":{"line":8,"column":61}}},"3":{"name":"updatePrice","line":12,"loc":{"start":{"line":12,"column":4},"end":{"line":12,"column":47}}}},"statementMap":{"1":{"start":{"line":9,"column":8},"end":{"line":9,"column":20}},"2":{"start":{"line":13,"column":8},"end":{"line":13,"column":23}}},"branchMap":{}},"contracts/lib/MockUniswapFactory.sol":{"l":{"12":0,"16":0,"19":0,"22":0},"path":"/Users/haythem96/Projects/Opyn/OptionsProtocol/contracts/lib/MockUniswapFactory.sol","s":{"1":0,"2":0,"3":0,"4":0},"b":{},"f":{"1":3,"2":0,"3":0,"4":0,"5":0,"6":0},"fnMap":{"1":{"name":"constructor","line":5,"loc":{"start":{"line":5,"column":4},"end":{"line":5,"column":23}}},"2":{"name":"createExchange","line":11,"loc":{"start":{"line":11,"column":4},"end":{"line":11,"column":76}}},"3":{"name":"getExchange","line":15,"loc":{"start":{"line":15,"column":4},"end":{"line":15,"column":77}}},"4":{"name":"getToken","line":18,"loc":{"start":{"line":18,"column":4},"end":{"line":18,"column":75}}},"5":{"name":"getTokenWithId","line":21,"loc":{"start":{"line":21,"column":4},"end":{"line":21,"column":80}}},"6":{"name":"initializeFactory","line":25,"loc":{"start":{"line":25,"column":4},"end":{"line":25,"column":55}}}},"statementMap":{"1":{"start":{"line":12,"column":8},"end":{"line":12,"column":57}},"2":{"start":{"line":16,"column":8},"end":{"line":16,"column":57}},"3":{"start":{"line":19,"column":8},"end":{"line":19,"column":57}},"4":{"start":{"line":22,"column":8},"end":{"line":22,"column":57}}},"branchMap":{}},"contracts/lib/StringComparator.sol":{"l":{"6":68},"path":"/Users/haythem96/Projects/Opyn/OptionsProtocol/contracts/lib/StringComparator.sol","s":{"1":68},"b":{},"f":{"1":68},"fnMap":{"1":{"name":"compareStrings","line":4,"loc":{"start":{"line":4,"column":4},"end":{"line":5,"column":23}}}},"statementMap":{"1":{"start":{"line":6,"column":8},"end":{"line":6,"column":83}}},"branchMap":{}},"contracts/lib/UniswapExchangeInterface.sol":{"l":{},"path":"/Users/haythem96/Projects/Opyn/OptionsProtocol/contracts/lib/UniswapExchangeInterface.sol","s":{},"b":{},"f":{},"fnMap":{},"statementMap":{},"branchMap":{}},"contracts/lib/UniswapFactoryInterface.sol":{"l":{},"path":"/Users/haythem96/Projects/Opyn/OptionsProtocol/contracts/lib/UniswapFactoryInterface.sol","s":{},"b":{},"f":{},"fnMap":{},"statementMap":{},"branchMap":{}},"contracts/OptionsContract.sol":{"l":{"128":16,"129":16,"133":16,"137":16,"141":16,"145":16,"150":16,"151":16,"153":16,"154":16,"155":16,"157":16,"158":16,"160":16,"161":16,"162":16,"163":16,"218":0,"219":0,"226":0,"227":0,"228":0,"229":0,"230":0,"231":0,"235":0,"251":0,"255":0,"259":0,"260":0,"265":0,"266":0,"267":0,"268":0,"270":0,"288":0,"289":0,"290":0,"291":0,"302":0,"303":0,"304":0,"306":0,"315":0,"322":0,"324":0,"325":0,"327":0,"328":0,"349":0,"350":0,"352":0,"353":0,"375":0,"379":0,"381":0,"382":0,"393":0,"396":0,"403":0,"411":0,"429":0,"430":0,"431":0,"435":0,"436":0,"437":0,"439":0,"440":0,"442":0,"443":0,"446":0,"456":0,"457":0,"459":0,"461":0,"462":0,"464":0,"465":0,"484":0,"486":0,"489":0,"490":0,"493":0,"494":0,"496":0,"497":0,"509":0,"510":0,"523":0,"533":0,"535":0,"537":0,"538":0,"540":0,"549":0,"550":0,"552":0,"553":0,"559":0,"561":0,"567":0,"568":0,"570":0,"579":0,"580":0,"583":0,"586":0,"587":0,"589":0,"590":0,"591":0,"593":0,"594":0,"596":0,"612":0,"613":0,"614":0,"619":0,"620":0,"624":0,"626":0,"643":0,"645":0,"648":0,"651":0,"653":0,"657":0,"661":0,"664":0,"668":0,"669":0,"673":0,"678":0,"684":0,"685":0,"688":0,"689":0,"691":0,"700":0,"704":0,"711":64,"722":0,"723":0,"734":0,"735":0,"755":0,"760":0,"762":0,"763":0,"765":0,"770":0,"777":0,"780":0,"784":0,"790":0,"794":0,"796":0,"797":0,"803":0,"804":0,"808":0,"809":0,"811":0,"821":0,"824":0,"826":0,"845":0,"846":0,"848":0,"863":0,"864":0,"866":0,"867":0,"868":0,"872":0,"875":0,"878":0,"881":0,"883":0,"884":0,"886":0,"887":0,"888":0,"890":0,"891":0,"894":0,"906":0,"925":0,"926":0,"928":0,"929":0,"930":0,"934":0,"935":0,"937":0,"940":0,"942":0,"943":0,"945":0,"946":0,"947":0,"949":0,"950":0,"953":0,"970":0,"971":0,"973":0,"974":0,"975":0,"979":0,"983":0,"986":0,"987":0,"988":0,"989":0,"993":0,"994":0,"999":0,"1009":0,"1010":0,"1012":0,"1022":0,"1023":0,"1025":0,"1034":0,"1035":0,"1037":0},"path":"/Users/haythem96/Projects/Opyn/OptionsProtocol/contracts/OptionsContract.sol","s":{"1":16,"2":16,"3":16,"4":16,"5":16,"6":16,"7":16,"8":16,"9":16,"10":16,"11":16,"12":16,"13":16,"14":16,"15":16,"16":16,"17":16,"18":0,"19":0,"20":0,"21":0,"22":0,"23":0,"24":0,"25":0,"26":0,"27":0,"28":0,"29":0,"30":0,"31":0,"32":0,"33":0,"34":0,"35":0,"36":0,"37":0,"38":0,"39":0,"40":0,"41":0,"42":0,"43":0,"44":0,"45":0,"46":0,"47":0,"48":0,"49":0,"50":0,"51":0,"52":0,"53":0,"54":0,"55":0,"56":0,"57":0,"58":0,"59":0,"60":0,"61":0,"62":0,"63":0,"64":0,"65":0,"66":0,"67":0,"68":0,"69":0,"70":0,"71":0,"72":0,"73":0,"74":0,"75":0,"76":0,"77":0,"78":0,"79":0,"80":0,"81":0,"82":0,"83":0,"84":0,"85":0,"86":0,"87":0,"88":0,"89":0,"90":0,"91":0,"92":0,"93":0,"94":0,"95":0,"96":0,"97":0,"98":0,"99":0,"100":0,"101":0,"102":0,"103":0,"104":0,"105":0,"106":0,"107":0,"108":0,"109":0,"110":0,"111":0,"112":0,"113":0,"114":0,"115":0,"116":0,"117":0,"118":0,"119":0,"120":0,"121":0,"122":0,"123":0,"124":0,"125":0,"126":0,"127":0,"128":0,"129":0,"130":0,"131":0,"132":0,"133":0,"134":0,"135":0,"136":0,"137":0,"138":0,"139":0,"140":0,"141":64,"142":0,"143":0,"144":0,"145":0,"146":0,"147":0,"148":0,"149":0,"150":0,"151":0,"152":0,"153":0,"154":0,"155":0,"156":0,"157":0,"158":0,"159":0,"160":0,"161":0,"162":0,"163":0,"164":0,"165":0,"166":0,"167":0,"168":0,"169":0,"170":0,"171":0,"172":0,"173":0,"174":0,"175":0,"176":0,"177":0,"178":0,"179":0,"180":0,"181":0,"182":0,"183":0,"184":0,"185":0,"186":0,"187":0,"188":0,"189":0,"190":0,"191":0,"192":0,"193":0,"194":0,"195":0,"196":0,"197":0,"198":0,"199":0,"200":0,"201":0,"202":0,"203":0,"204":0,"205":0,"206":0,"207":0,"208":0,"209":0,"210":0,"211":0,"212":0,"213":0,"214":0,"215":0,"216":0,"217":0,"218":0,"219":0,"220":0,"221":0,"222":0,"223":0,"224":0,"225":0,"226":0,"227":0},"b":{"1":[16,0],"2":[16,0],"3":[16,0],"4":[16,0],"5":[16,0],"6":[16,0],"7":[0,0],"8":[0,0],"9":[0,0],"10":[0,0],"11":[0,0],"12":[0,0],"13":[0,0],"14":[0,0],"15":[0,0],"16":[0,0],"17":[0,0],"18":[0,0],"19":[0,0],"20":[0,0],"21":[0,0],"22":[0,0],"23":[0,0],"24":[0,0],"25":[0,0],"26":[0,0],"27":[0,0],"28":[0,0],"29":[0,0],"30":[0,0],"31":[0,0],"32":[0,0],"33":[0,0],"34":[0,0],"35":[0,0],"36":[0,0],"37":[0,0],"38":[0,0],"39":[0,0],"40":[0,0],"41":[0,0],"42":[0,0],"43":[0,0],"44":[0,0],"45":[0,0],"46":[0,0],"47":[0,0],"48":[0,0],"49":[0,0],"50":[0,0],"51":[0,0],"52":[0,0],"53":[0,0],"54":[0,0],"55":[0,0],"56":[0,0],"57":[0,0]},"f":{"1":16,"2":0,"3":0,"4":0,"5":0,"6":0,"7":0,"8":0,"9":0,"10":0,"11":0,"12":0,"13":0,"14":0,"15":0,"16":0,"17":0,"18":0,"19":0,"20":0,"21":0,"22":0,"23":0,"24":0,"25":64,"26":0,"27":0,"28":0,"29":0,"30":0,"31":0,"32":0,"33":0,"34":0,"35":0,"36":0},"fnMap":{"1":{"name":"constructor","line":114,"loc":{"start":{"line":114,"column":4},"end":{"line":127,"column":14}}},"2":{"name":"notExpired","line":217,"loc":{"start":{"line":217,"column":4},"end":{"line":217,"column":23}}},"3":{"name":"getVaultOwners","line":225,"loc":{"start":{"line":225,"column":4},"end":{"line":225,"column":74}}},"4":{"name":"updateParameters","line":250,"loc":{"start":{"line":250,"column":21},"end":{"line":250,"column":3}}},"5":{"name":"setDetails","line":286,"loc":{"start":{"line":286,"column":16},"end":{"line":287,"column":5}}},"6":{"name":"transferFee","line":301,"loc":{"start":{"line":301,"column":66},"end":{"line":301,"column":3}}},"7":{"name":"hasVault","line":314,"loc":{"start":{"line":314,"column":4},"end":{"line":314,"column":69}}},"8":{"name":"openVault","line":321,"loc":{"start":{"line":321,"column":41},"end":{"line":321,"column":18}}},"9":{"name":"addETHCollateral","line":346,"loc":{"start":{"line":346,"column":17},"end":{"line":348,"column":5}}},"10":{"name":"addERC20Collateral","line":372,"loc":{"start":{"line":372,"column":17},"end":{"line":374,"column":5}}},"11":{"name":"underlyingRequiredToExercise","line":388,"loc":{"start":{"line":388,"column":4},"end":{"line":392,"column":5}}},"12":{"name":"isExerciseWindow","line":402,"loc":{"start":{"line":402,"column":4},"end":{"line":402,"column":56}}},"13":{"name":"hasExpired","line":410,"loc":{"start":{"line":410,"column":4},"end":{"line":410,"column":50}}},"14":{"name":"exercise","line":425,"loc":{"start":{"line":425,"column":4},"end":{"line":428,"column":22}}},"15":{"name":"removeUnderlying","line":455,"loc":{"start":{"line":455,"column":4},"end":{"line":455,"column":36}}},"16":{"name":"issueOTokens","line":481,"loc":{"start":{"line":481,"column":17},"end":{"line":482,"column":5}}},"17":{"name":"getVault","line":504,"loc":{"start":{"line":504,"column":4},"end":{"line":508,"column":5}}},"18":{"name":"isETH","line":522,"loc":{"start":{"line":522,"column":4},"end":{"line":522,"column":59}}},"19":{"name":"burnOTokens","line":532,"loc":{"start":{"line":532,"column":60},"end":{"line":532,"column":3}}},"20":{"name":"removeCollateral","line":548,"loc":{"start":{"line":548,"column":67},"end":{"line":548,"column":3}}},"21":{"name":"redeemVaultBalance","line":578,"loc":{"start":{"line":578,"column":4},"end":{"line":578,"column":38}}},"22":{"name":"maxOTokensLiquidatable","line":607,"loc":{"start":{"line":607,"column":4},"end":{"line":611,"column":5}}},"23":{"name":"liquidate","line":641,"loc":{"start":{"line":641,"column":17},"end":{"line":642,"column":5}}},"24":{"name":"isUnsafe","line":699,"loc":{"start":{"line":699,"column":4},"end":{"line":699,"column":74}}},"25":{"name":"isWithinExponentRange","line":710,"loc":{"start":{"line":710,"column":4},"end":{"line":710,"column":72}}},"26":{"name":"getCollateral","line":717,"loc":{"start":{"line":717,"column":4},"end":{"line":721,"column":5}}},"27":{"name":"getOTokensIssued","line":729,"loc":{"start":{"line":729,"column":4},"end":{"line":733,"column":5}}},"28":{"name":"_exercise","line":750,"loc":{"start":{"line":750,"column":4},"end":{"line":753,"column":16}}},"29":{"name":"_addCollateral","line":842,"loc":{"start":{"line":842,"column":17},"end":{"line":844,"column":5}}},"30":{"name":"isSafe","line":857,"loc":{"start":{"line":857,"column":4},"end":{"line":861,"column":5}}},"31":{"name":"maxOTokensIssuable","line":901,"loc":{"start":{"line":901,"column":4},"end":{"line":905,"column":5}}},"32":{"name":"calculateOTokens","line":919,"loc":{"start":{"line":919,"column":4},"end":{"line":923,"column":5}}},"33":{"name":"calculateCollateralToPay","line":965,"loc":{"start":{"line":965,"column":4},"end":{"line":968,"column":39}}},"34":{"name":"transferCollateral","line":1008,"loc":{"start":{"line":1008,"column":4},"end":{"line":1008,"column":75}}},"35":{"name":"transferUnderlying","line":1021,"loc":{"start":{"line":1021,"column":4},"end":{"line":1021,"column":75}}},"36":{"name":"getPrice","line":1033,"loc":{"start":{"line":1033,"column":4},"end":{"line":1033,"column":66}}}},"statementMap":{"1":{"start":{"line":128,"column":8},"end":{"line":128,"column":77}},"2":{"start":{"line":129,"column":8},"end":{"line":129,"column":4310}},"3":{"start":{"line":133,"column":8},"end":{"line":133,"column":4449}},"4":{"start":{"line":137,"column":8},"end":{"line":137,"column":4582}},"5":{"start":{"line":141,"column":8},"end":{"line":141,"column":4721}},"6":{"start":{"line":145,"column":8},"end":{"line":145,"column":4858}},"7":{"start":{"line":150,"column":8},"end":{"line":150,"column":31}},"8":{"start":{"line":151,"column":8},"end":{"line":151,"column":31}},"9":{"start":{"line":153,"column":8},"end":{"line":153,"column":31}},"10":{"start":{"line":154,"column":8},"end":{"line":154,"column":37}},"11":{"start":{"line":155,"column":8},"end":{"line":155,"column":57}},"12":{"start":{"line":157,"column":8},"end":{"line":157,"column":53}},"13":{"start":{"line":158,"column":8},"end":{"line":158,"column":23}},"14":{"start":{"line":160,"column":8},"end":{"line":160,"column":23}},"15":{"start":{"line":161,"column":8},"end":{"line":161,"column":64}},"16":{"start":{"line":162,"column":8},"end":{"line":162,"column":41}},"17":{"start":{"line":163,"column":8},"end":{"line":163,"column":31}},"18":{"start":{"line":218,"column":8},"end":{"line":218,"column":57}},"19":{"start":{"line":226,"column":8},"end":{"line":226,"column":39}},"20":{"start":{"line":227,"column":8},"end":{"line":227,"column":25}},"21":{"start":{"line":228,"column":8},"end":{"line":228,"column":7294}},"22":{"start":{"line":229,"column":12},"end":{"line":229,"column":7361}},"23":{"start":{"line":230,"column":16},"end":{"line":230,"column":45}},"24":{"start":{"line":235,"column":8},"end":{"line":235,"column":21}},"25":{"start":{"line":251,"column":8},"end":{"line":251,"column":8280}},"26":{"start":{"line":255,"column":8},"end":{"line":255,"column":8402}},"27":{"start":{"line":259,"column":8},"end":{"line":259,"column":74}},"28":{"start":{"line":260,"column":8},"end":{"line":260,"column":8605}},"29":{"start":{"line":265,"column":8},"end":{"line":265,"column":57}},"30":{"start":{"line":266,"column":8},"end":{"line":266,"column":51}},"31":{"start":{"line":267,"column":8},"end":{"line":267,"column":45}},"32":{"start":{"line":268,"column":8},"end":{"line":268,"column":67}},"33":{"start":{"line":270,"column":8},"end":{"line":270,"column":8969}},"34":{"start":{"line":288,"column":8},"end":{"line":288,"column":19}},"35":{"start":{"line":289,"column":8},"end":{"line":289,"column":23}},"36":{"start":{"line":290,"column":8},"end":{"line":290,"column":57}},"37":{"start":{"line":291,"column":8},"end":{"line":291,"column":9600}},"38":{"start":{"line":302,"column":8},"end":{"line":302,"column":31}},"39":{"start":{"line":303,"column":8},"end":{"line":303,"column":19}},"40":{"start":{"line":304,"column":8},"end":{"line":304,"column":41}},"41":{"start":{"line":306,"column":8},"end":{"line":306,"column":40}},"42":{"start":{"line":315,"column":8},"end":{"line":315,"column":34}},"43":{"start":{"line":322,"column":8},"end":{"line":322,"column":62}},"44":{"start":{"line":324,"column":8},"end":{"line":324,"column":48}},"45":{"start":{"line":325,"column":8},"end":{"line":325,"column":35}},"46":{"start":{"line":327,"column":8},"end":{"line":327,"column":36}},"47":{"start":{"line":328,"column":8},"end":{"line":328,"column":19}},"48":{"start":{"line":349,"column":8},"end":{"line":349,"column":77}},"49":{"start":{"line":350,"column":8},"end":{"line":350,"column":60}},"50":{"start":{"line":352,"column":8},"end":{"line":352,"column":66}},"51":{"start":{"line":353,"column":8},"end":{"line":353,"column":52}},"52":{"start":{"line":375,"column":8},"end":{"line":375,"column":13092}},"53":{"start":{"line":379,"column":8},"end":{"line":379,"column":60}},"54":{"start":{"line":381,"column":8},"end":{"line":381,"column":62}},"55":{"start":{"line":382,"column":8},"end":{"line":382,"column":46}},"56":{"start":{"line":393,"column":8},"end":{"line":393,"column":13662}},"57":{"start":{"line":396,"column":8},"end":{"line":396,"column":64}},"58":{"start":{"line":403,"column":8},"end":{"line":403,"column":14011}},"59":{"start":{"line":411,"column":8},"end":{"line":411,"column":42}},"60":{"start":{"line":429,"column":8},"end":{"line":429,"column":15129}},"61":{"start":{"line":430,"column":12},"end":{"line":430,"column":64}},"62":{"start":{"line":431,"column":12},"end":{"line":431,"column":15271}},"63":{"start":{"line":435,"column":12},"end":{"line":435,"column":52}},"64":{"start":{"line":436,"column":12},"end":{"line":436,"column":15465}},"65":{"start":{"line":437,"column":16},"end":{"line":437,"column":22}},"66":{"start":{"line":438,"column":19},"end":{"line":438,"column":15538}},"67":{"start":{"line":439,"column":16},"end":{"line":439,"column":55}},"68":{"start":{"line":440,"column":16},"end":{"line":440,"column":22}},"69":{"start":{"line":442,"column":16},"end":{"line":442,"column":77}},"70":{"start":{"line":443,"column":16},"end":{"line":443,"column":57}},"71":{"start":{"line":446,"column":8},"end":{"line":446,"column":15857}},"72":{"start":{"line":456,"column":8},"end":{"line":456,"column":60}},"73":{"start":{"line":457,"column":8},"end":{"line":457,"column":48}},"74":{"start":{"line":459,"column":8},"end":{"line":459,"column":61}},"75":{"start":{"line":461,"column":8},"end":{"line":461,"column":55}},"76":{"start":{"line":462,"column":8},"end":{"line":462,"column":27}},"77":{"start":{"line":464,"column":8},"end":{"line":464,"column":59}},"78":{"start":{"line":465,"column":8},"end":{"line":465,"column":63}},"79":{"start":{"line":484,"column":8},"end":{"line":484,"column":60}},"80":{"start":{"line":486,"column":8},"end":{"line":486,"column":48}},"81":{"start":{"line":489,"column":8},"end":{"line":489,"column":75}},"82":{"start":{"line":490,"column":8},"end":{"line":490,"column":77}},"83":{"start":{"line":493,"column":8},"end":{"line":493,"column":46}},"84":{"start":{"line":494,"column":8},"end":{"line":494,"column":38}},"85":{"start":{"line":496,"column":8},"end":{"line":496,"column":64}},"86":{"start":{"line":497,"column":8},"end":{"line":497,"column":14}},"87":{"start":{"line":509,"column":8},"end":{"line":509,"column":48}},"88":{"start":{"line":510,"column":8},"end":{"line":510,"column":18383}},"89":{"start":{"line":523,"column":8},"end":{"line":523,"column":35}},"90":{"start":{"line":533,"column":8},"end":{"line":533,"column":60}},"91":{"start":{"line":535,"column":8},"end":{"line":535,"column":48}},"92":{"start":{"line":537,"column":8},"end":{"line":537,"column":63}},"93":{"start":{"line":538,"column":8},"end":{"line":538,"column":35}},"94":{"start":{"line":540,"column":8},"end":{"line":540,"column":47}},"95":{"start":{"line":549,"column":8},"end":{"line":549,"column":61}},"96":{"start":{"line":550,"column":8},"end":{"line":550,"column":60}},"97":{"start":{"line":552,"column":8},"end":{"line":552,"column":48}},"98":{"start":{"line":553,"column":8},"end":{"line":553,"column":19873}},"99":{"start":{"line":559,"column":8},"end":{"line":559,"column":72}},"100":{"start":{"line":561,"column":8},"end":{"line":561,"column":20156}},"101":{"start":{"line":567,"column":8},"end":{"line":567,"column":46}},"102":{"start":{"line":568,"column":8},"end":{"line":568,"column":50}},"103":{"start":{"line":570,"column":8},"end":{"line":570,"column":54}},"104":{"start":{"line":579,"column":8},"end":{"line":579,"column":69}},"105":{"start":{"line":580,"column":8},"end":{"line":580,"column":60}},"106":{"start":{"line":583,"column":8},"end":{"line":583,"column":48}},"107":{"start":{"line":586,"column":8},"end":{"line":586,"column":55}},"108":{"start":{"line":587,"column":8},"end":{"line":587,"column":55}},"109":{"start":{"line":589,"column":8},"end":{"line":589,"column":27}},"110":{"start":{"line":590,"column":8},"end":{"line":590,"column":30}},"111":{"start":{"line":591,"column":8},"end":{"line":591,"column":27}},"112":{"start":{"line":593,"column":8},"end":{"line":593,"column":59}},"113":{"start":{"line":594,"column":8},"end":{"line":594,"column":59}},"114":{"start":{"line":596,"column":8},"end":{"line":596,"column":21368}},"115":{"start":{"line":612,"column":8},"end":{"line":612,"column":21818}},"116":{"start":{"line":613,"column":12},"end":{"line":613,"column":52}},"117":{"start":{"line":614,"column":12},"end":{"line":614,"column":21966}},"118":{"start":{"line":619,"column":12},"end":{"line":619,"column":69}},"119":{"start":{"line":620,"column":12},"end":{"line":620,"column":22181}},"120":{"start":{"line":624,"column":12},"end":{"line":624,"column":76}},"121":{"start":{"line":626,"column":12},"end":{"line":626,"column":20}},"122":{"start":{"line":643,"column":8},"end":{"line":643,"column":60}},"123":{"start":{"line":645,"column":8},"end":{"line":645,"column":48}},"124":{"start":{"line":648,"column":8},"end":{"line":648,"column":53}},"125":{"start":{"line":651,"column":8},"end":{"line":651,"column":76}},"126":{"start":{"line":653,"column":8},"end":{"line":653,"column":23527}},"127":{"start":{"line":657,"column":8},"end":{"line":657,"column":23653}},"128":{"start":{"line":661,"column":8},"end":{"line":661,"column":68}},"129":{"start":{"line":664,"column":8},"end":{"line":664,"column":23934}},"130":{"start":{"line":668,"column":8},"end":{"line":668,"column":24047}},"131":{"start":{"line":669,"column":12},"end":{"line":669,"column":24101}},"132":{"start":{"line":673,"column":12},"end":{"line":673,"column":24260}},"133":{"start":{"line":678,"column":8},"end":{"line":678,"column":24410}},"134":{"start":{"line":684,"column":8},"end":{"line":684,"column":66}},"135":{"start":{"line":685,"column":8},"end":{"line":685,"column":72}},"136":{"start":{"line":688,"column":8},"end":{"line":688,"column":44}},"137":{"start":{"line":689,"column":8},"end":{"line":689,"column":57}},"138":{"start":{"line":691,"column":8},"end":{"line":691,"column":66}},"139":{"start":{"line":700,"column":8},"end":{"line":700,"column":25261}},"140":{"start":{"line":704,"column":8},"end":{"line":704,"column":26}},"141":{"start":{"line":711,"column":8},"end":{"line":711,"column":44}},"142":{"start":{"line":722,"column":8},"end":{"line":722,"column":48}},"143":{"start":{"line":723,"column":8},"end":{"line":723,"column":31}},"144":{"start":{"line":734,"column":8},"end":{"line":734,"column":48}},"145":{"start":{"line":735,"column":8},"end":{"line":735,"column":34}},"146":{"start":{"line":755,"column":8},"end":{"line":755,"column":27360}},"147":{"start":{"line":760,"column":8},"end":{"line":760,"column":69}},"148":{"start":{"line":762,"column":8},"end":{"line":762,"column":57}},"149":{"start":{"line":763,"column":8},"end":{"line":763,"column":65}},"150":{"start":{"line":765,"column":8},"end":{"line":765,"column":27735}},"151":{"start":{"line":770,"column":8},"end":{"line":770,"column":27930}},"152":{"start":{"line":777,"column":8},"end":{"line":777,"column":28133}},"153":{"start":{"line":780,"column":8},"end":{"line":780,"column":66}},"154":{"start":{"line":784,"column":8},"end":{"line":784,"column":28445}},"155":{"start":{"line":790,"column":8},"end":{"line":790,"column":28626}},"156":{"start":{"line":794,"column":8},"end":{"line":794,"column":38}},"157":{"start":{"line":796,"column":8},"end":{"line":796,"column":69}},"158":{"start":{"line":797,"column":8},"end":{"line":797,"column":28858}},"159":{"start":{"line":803,"column":8},"end":{"line":803,"column":68}},"160":{"start":{"line":804,"column":8},"end":{"line":804,"column":71}},"161":{"start":{"line":808,"column":8},"end":{"line":808,"column":29294}},"162":{"start":{"line":809,"column":12},"end":{"line":809,"column":74}},"163":{"start":{"line":811,"column":12},"end":{"line":811,"column":29429}},"164":{"start":{"line":821,"column":8},"end":{"line":821,"column":43}},"165":{"start":{"line":824,"column":8},"end":{"line":824,"column":57}},"166":{"start":{"line":826,"column":8},"end":{"line":826,"column":29851}},"167":{"start":{"line":845,"column":8},"end":{"line":845,"column":48}},"168":{"start":{"line":846,"column":8},"end":{"line":846,"column":51}},"169":{"start":{"line":848,"column":8},"end":{"line":848,"column":31}},"170":{"start":{"line":863,"column":8},"end":{"line":863,"column":40}},"171":{"start":{"line":864,"column":8},"end":{"line":864,"column":36}},"172":{"start":{"line":866,"column":8},"end":{"line":866,"column":31054}},"173":{"start":{"line":867,"column":12},"end":{"line":867,"column":63}},"174":{"start":{"line":868,"column":12},"end":{"line":868,"column":55}},"175":{"start":{"line":872,"column":8},"end":{"line":872,"column":31364}},"176":{"start":{"line":875,"column":8},"end":{"line":875,"column":31492}},"177":{"start":{"line":878,"column":8},"end":{"line":878,"column":31569}},"178":{"start":{"line":881,"column":8},"end":{"line":881,"column":42}},"179":{"start":{"line":883,"column":8},"end":{"line":883,"column":23}},"180":{"start":{"line":884,"column":8},"end":{"line":884,"column":30}},"181":{"start":{"line":886,"column":8},"end":{"line":886,"column":31789}},"182":{"start":{"line":887,"column":12},"end":{"line":887,"column":52}},"183":{"start":{"line":888,"column":12},"end":{"line":888,"column":63}},"184":{"start":{"line":890,"column":12},"end":{"line":890,"column":52}},"185":{"start":{"line":891,"column":12},"end":{"line":891,"column":63}},"186":{"start":{"line":894,"column":8},"end":{"line":894,"column":24}},"187":{"start":{"line":906,"column":8},"end":{"line":906,"column":73}},"188":{"start":{"line":925,"column":8},"end":{"line":925,"column":40}},"189":{"start":{"line":926,"column":8},"end":{"line":926,"column":36}},"190":{"start":{"line":928,"column":8},"end":{"line":928,"column":33345}},"191":{"start":{"line":929,"column":12},"end":{"line":929,"column":63}},"192":{"start":{"line":930,"column":12},"end":{"line":930,"column":55}},"193":{"start":{"line":934,"column":8},"end":{"line":934,"column":66}},"194":{"start":{"line":935,"column":8},"end":{"line":935,"column":67}},"195":{"start":{"line":937,"column":8},"end":{"line":937,"column":33747}},"196":{"start":{"line":940,"column":8},"end":{"line":940,"column":42}},"197":{"start":{"line":942,"column":8},"end":{"line":942,"column":23}},"198":{"start":{"line":943,"column":8},"end":{"line":943,"column":30}},"199":{"start":{"line":945,"column":8},"end":{"line":945,"column":33967}},"200":{"start":{"line":946,"column":12},"end":{"line":946,"column":49}},"201":{"start":{"line":947,"column":12},"end":{"line":947,"column":63}},"202":{"start":{"line":949,"column":12},"end":{"line":949,"column":49}},"203":{"start":{"line":950,"column":12},"end":{"line":950,"column":63}},"204":{"start":{"line":953,"column":8},"end":{"line":953,"column":25}},"205":{"start":{"line":970,"column":8},"end":{"line":970,"column":40}},"206":{"start":{"line":971,"column":8},"end":{"line":971,"column":36}},"207":{"start":{"line":973,"column":8},"end":{"line":973,"column":35074}},"208":{"start":{"line":974,"column":12},"end":{"line":974,"column":63}},"209":{"start":{"line":975,"column":12},"end":{"line":975,"column":55}},"210":{"start":{"line":979,"column":8},"end":{"line":979,"column":35320}},"211":{"start":{"line":983,"column":8},"end":{"line":983,"column":35472}},"212":{"start":{"line":986,"column":8},"end":{"line":986,"column":38}},"213":{"start":{"line":987,"column":8},"end":{"line":987,"column":35617}},"214":{"start":{"line":988,"column":12},"end":{"line":988,"column":54}},"215":{"start":{"line":989,"column":12},"end":{"line":989,"column":35722}},"216":{"start":{"line":993,"column":12},"end":{"line":993,"column":59}},"217":{"start":{"line":994,"column":12},"end":{"line":994,"column":35930}},"218":{"start":{"line":999,"column":8},"end":{"line":999,"column":33}},"219":{"start":{"line":1009,"column":8},"end":{"line":1009,"column":36389}},"220":{"start":{"line":1010,"column":12},"end":{"line":1010,"column":31}},"221":{"start":{"line":1012,"column":12},"end":{"line":1012,"column":43}},"222":{"start":{"line":1022,"column":8},"end":{"line":1022,"column":36817}},"223":{"start":{"line":1023,"column":12},"end":{"line":1023,"column":31}},"224":{"start":{"line":1025,"column":12},"end":{"line":1025,"column":43}},"225":{"start":{"line":1034,"column":8},"end":{"line":1034,"column":37186}},"226":{"start":{"line":1035,"column":12},"end":{"line":1035,"column":27}},"227":{"start":{"line":1037,"column":12},"end":{"line":1037,"column":50}}},"branchMap":{"1":{"line":128,"type":"if","locations":[{"start":{"line":128,"column":8},"end":{"line":128,"column":8}},{"start":{"line":128,"column":8},"end":{"line":128,"column":8}}]},"2":{"line":129,"type":"if","locations":[{"start":{"line":129,"column":8},"end":{"line":129,"column":8}},{"start":{"line":129,"column":8},"end":{"line":129,"column":8}}]},"3":{"line":133,"type":"if","locations":[{"start":{"line":133,"column":8},"end":{"line":133,"column":8}},{"start":{"line":133,"column":8},"end":{"line":133,"column":8}}]},"4":{"line":137,"type":"if","locations":[{"start":{"line":137,"column":8},"end":{"line":137,"column":8}},{"start":{"line":137,"column":8},"end":{"line":137,"column":8}}]},"5":{"line":141,"type":"if","locations":[{"start":{"line":141,"column":8},"end":{"line":141,"column":8}},{"start":{"line":141,"column":8},"end":{"line":141,"column":8}}]},"6":{"line":145,"type":"if","locations":[{"start":{"line":145,"column":8},"end":{"line":145,"column":8}},{"start":{"line":145,"column":8},"end":{"line":145,"column":8}}]},"7":{"line":218,"type":"if","locations":[{"start":{"line":218,"column":8},"end":{"line":218,"column":8}},{"start":{"line":218,"column":8},"end":{"line":218,"column":8}}]},"8":{"line":229,"type":"if","locations":[{"start":{"line":229,"column":12},"end":{"line":229,"column":12}},{"start":{"line":229,"column":12},"end":{"line":229,"column":12}}]},"9":{"line":251,"type":"if","locations":[{"start":{"line":251,"column":8},"end":{"line":251,"column":8}},{"start":{"line":251,"column":8},"end":{"line":251,"column":8}}]},"10":{"line":255,"type":"if","locations":[{"start":{"line":255,"column":8},"end":{"line":255,"column":8}},{"start":{"line":255,"column":8},"end":{"line":255,"column":8}}]},"11":{"line":259,"type":"if","locations":[{"start":{"line":259,"column":8},"end":{"line":259,"column":8}},{"start":{"line":259,"column":8},"end":{"line":259,"column":8}}]},"12":{"line":260,"type":"if","locations":[{"start":{"line":260,"column":8},"end":{"line":260,"column":8}},{"start":{"line":260,"column":8},"end":{"line":260,"column":8}}]},"13":{"line":291,"type":"if","locations":[{"start":{"line":291,"column":8},"end":{"line":291,"column":8}},{"start":{"line":291,"column":8},"end":{"line":291,"column":8}}]},"14":{"line":322,"type":"if","locations":[{"start":{"line":322,"column":8},"end":{"line":322,"column":8}},{"start":{"line":322,"column":8},"end":{"line":322,"column":8}}]},"15":{"line":349,"type":"if","locations":[{"start":{"line":349,"column":8},"end":{"line":349,"column":8}},{"start":{"line":349,"column":8},"end":{"line":349,"column":8}}]},"16":{"line":350,"type":"if","locations":[{"start":{"line":350,"column":8},"end":{"line":350,"column":8}},{"start":{"line":350,"column":8},"end":{"line":350,"column":8}}]},"17":{"line":375,"type":"if","locations":[{"start":{"line":375,"column":8},"end":{"line":375,"column":8}},{"start":{"line":375,"column":8},"end":{"line":375,"column":8}}]},"18":{"line":379,"type":"if","locations":[{"start":{"line":379,"column":8},"end":{"line":379,"column":8}},{"start":{"line":379,"column":8},"end":{"line":379,"column":8}}]},"19":{"line":431,"type":"if","locations":[{"start":{"line":431,"column":12},"end":{"line":431,"column":12}},{"start":{"line":431,"column":12},"end":{"line":431,"column":12}}]},"20":{"line":436,"type":"if","locations":[{"start":{"line":436,"column":12},"end":{"line":436,"column":12}},{"start":{"line":436,"column":12},"end":{"line":436,"column":12}}]},"21":{"line":438,"type":"if","locations":[{"start":{"line":438,"column":19},"end":{"line":438,"column":19}},{"start":{"line":438,"column":19},"end":{"line":438,"column":19}}]},"22":{"line":446,"type":"if","locations":[{"start":{"line":446,"column":8},"end":{"line":446,"column":8}},{"start":{"line":446,"column":8},"end":{"line":446,"column":8}}]},"23":{"line":456,"type":"if","locations":[{"start":{"line":456,"column":8},"end":{"line":456,"column":8}},{"start":{"line":456,"column":8},"end":{"line":456,"column":8}}]},"24":{"line":459,"type":"if","locations":[{"start":{"line":459,"column":8},"end":{"line":459,"column":8}},{"start":{"line":459,"column":8},"end":{"line":459,"column":8}}]},"25":{"line":484,"type":"if","locations":[{"start":{"line":484,"column":8},"end":{"line":484,"column":8}},{"start":{"line":484,"column":8},"end":{"line":484,"column":8}}]},"26":{"line":490,"type":"if","locations":[{"start":{"line":490,"column":8},"end":{"line":490,"column":8}},{"start":{"line":490,"column":8},"end":{"line":490,"column":8}}]},"27":{"line":533,"type":"if","locations":[{"start":{"line":533,"column":8},"end":{"line":533,"column":8}},{"start":{"line":533,"column":8},"end":{"line":533,"column":8}}]},"28":{"line":549,"type":"if","locations":[{"start":{"line":549,"column":8},"end":{"line":549,"column":8}},{"start":{"line":549,"column":8},"end":{"line":549,"column":8}}]},"29":{"line":550,"type":"if","locations":[{"start":{"line":550,"column":8},"end":{"line":550,"column":8}},{"start":{"line":550,"column":8},"end":{"line":550,"column":8}}]},"30":{"line":553,"type":"if","locations":[{"start":{"line":553,"column":8},"end":{"line":553,"column":8}},{"start":{"line":553,"column":8},"end":{"line":553,"column":8}}]},"31":{"line":561,"type":"if","locations":[{"start":{"line":561,"column":8},"end":{"line":561,"column":8}},{"start":{"line":561,"column":8},"end":{"line":561,"column":8}}]},"32":{"line":579,"type":"if","locations":[{"start":{"line":579,"column":8},"end":{"line":579,"column":8}},{"start":{"line":579,"column":8},"end":{"line":579,"column":8}}]},"33":{"line":580,"type":"if","locations":[{"start":{"line":580,"column":8},"end":{"line":580,"column":8}},{"start":{"line":580,"column":8},"end":{"line":580,"column":8}}]},"34":{"line":612,"type":"if","locations":[{"start":{"line":612,"column":8},"end":{"line":612,"column":8}},{"start":{"line":612,"column":8},"end":{"line":612,"column":8}}]},"35":{"line":643,"type":"if","locations":[{"start":{"line":643,"column":8},"end":{"line":643,"column":8}},{"start":{"line":643,"column":8},"end":{"line":643,"column":8}}]},"36":{"line":648,"type":"if","locations":[{"start":{"line":648,"column":8},"end":{"line":648,"column":8}},{"start":{"line":648,"column":8},"end":{"line":648,"column":8}}]},"37":{"line":651,"type":"if","locations":[{"start":{"line":651,"column":8},"end":{"line":651,"column":8}},{"start":{"line":651,"column":8},"end":{"line":651,"column":8}}]},"38":{"line":668,"type":"if","locations":[{"start":{"line":668,"column":8},"end":{"line":668,"column":8}},{"start":{"line":668,"column":8},"end":{"line":668,"column":8}}]},"39":{"line":678,"type":"if","locations":[{"start":{"line":678,"column":8},"end":{"line":678,"column":8}},{"start":{"line":678,"column":8},"end":{"line":678,"column":8}}]},"40":{"line":755,"type":"if","locations":[{"start":{"line":755,"column":8},"end":{"line":755,"column":8}},{"start":{"line":755,"column":8},"end":{"line":755,"column":8}}]},"41":{"line":760,"type":"if","locations":[{"start":{"line":760,"column":8},"end":{"line":760,"column":8}},{"start":{"line":760,"column":8},"end":{"line":760,"column":8}}]},"42":{"line":763,"type":"if","locations":[{"start":{"line":763,"column":8},"end":{"line":763,"column":8}},{"start":{"line":763,"column":8},"end":{"line":763,"column":8}}]},"43":{"line":765,"type":"if","locations":[{"start":{"line":765,"column":8},"end":{"line":765,"column":8}},{"start":{"line":765,"column":8},"end":{"line":765,"column":8}}]},"44":{"line":770,"type":"if","locations":[{"start":{"line":770,"column":8},"end":{"line":770,"column":8}},{"start":{"line":770,"column":8},"end":{"line":770,"column":8}}]},"45":{"line":797,"type":"if","locations":[{"start":{"line":797,"column":8},"end":{"line":797,"column":8}},{"start":{"line":797,"column":8},"end":{"line":797,"column":8}}]},"46":{"line":808,"type":"if","locations":[{"start":{"line":808,"column":8},"end":{"line":808,"column":8}},{"start":{"line":808,"column":8},"end":{"line":808,"column":8}}]},"47":{"line":809,"type":"if","locations":[{"start":{"line":809,"column":12},"end":{"line":809,"column":12}},{"start":{"line":809,"column":12},"end":{"line":809,"column":12}}]},"48":{"line":811,"type":"if","locations":[{"start":{"line":811,"column":12},"end":{"line":811,"column":12}},{"start":{"line":811,"column":12},"end":{"line":811,"column":12}}]},"49":{"line":866,"type":"if","locations":[{"start":{"line":866,"column":8},"end":{"line":866,"column":8}},{"start":{"line":866,"column":8},"end":{"line":866,"column":8}}]},"50":{"line":886,"type":"if","locations":[{"start":{"line":886,"column":8},"end":{"line":886,"column":8}},{"start":{"line":886,"column":8},"end":{"line":886,"column":8}}]},"51":{"line":928,"type":"if","locations":[{"start":{"line":928,"column":8},"end":{"line":928,"column":8}},{"start":{"line":928,"column":8},"end":{"line":928,"column":8}}]},"52":{"line":945,"type":"if","locations":[{"start":{"line":945,"column":8},"end":{"line":945,"column":8}},{"start":{"line":945,"column":8},"end":{"line":945,"column":8}}]},"53":{"line":973,"type":"if","locations":[{"start":{"line":973,"column":8},"end":{"line":973,"column":8}},{"start":{"line":973,"column":8},"end":{"line":973,"column":8}}]},"54":{"line":987,"type":"if","locations":[{"start":{"line":987,"column":8},"end":{"line":987,"column":8}},{"start":{"line":987,"column":8},"end":{"line":987,"column":8}}]},"55":{"line":1009,"type":"if","locations":[{"start":{"line":1009,"column":8},"end":{"line":1009,"column":8}},{"start":{"line":1009,"column":8},"end":{"line":1009,"column":8}}]},"56":{"line":1022,"type":"if","locations":[{"start":{"line":1022,"column":8},"end":{"line":1022,"column":8}},{"start":{"line":1022,"column":8},"end":{"line":1022,"column":8}}]},"57":{"line":1034,"type":"if","locations":[{"start":{"line":1034,"column":8},"end":{"line":1034,"column":8}},{"start":{"line":1034,"column":8},"end":{"line":1034,"column":8}}]}}},"contracts/OptionsExchange.sol":{"l":{"16":2,"51":0,"52":0,"53":0,"54":0,"61":0,"84":0,"85":0,"86":0,"102":0,"103":0,"107":0,"109":0,"112":0,"114":0,"131":0,"132":0,"136":0,"138":0,"141":0,"144":0,"153":0,"154":0,"156":0,"158":0,"159":0,"168":0,"169":0,"187":0,"189":0,"190":0,"194":0,"199":0,"206":0,"208":0,"217":0,"228":0,"232":0,"234":0,"243":0,"257":0,"261":0,"262":0,"265":0,"269":0},"path":"/Users/haythem96/Projects/Opyn/OptionsProtocol/contracts/OptionsExchange.sol","s":{"1":2,"2":0,"3":0,"4":0,"5":0,"6":0,"7":0,"8":0,"9":0,"10":0,"11":0,"12":0,"13":0,"14":0,"15":0,"16":0,"17":0,"18":0,"19":0,"20":0,"21":0,"22":0,"23":0,"24":0,"25":0,"26":0,"27":0,"28":0,"29":0,"30":0,"31":0,"32":0,"33":0,"34":0,"35":0,"36":0,"37":0,"38":0,"39":0,"40":0,"41":0,"42":0,"43":0,"44":0,"45":0},"b":{"1":[0,0],"2":[0,0],"3":[0,0],"4":[0,0],"5":[0,0],"6":[0,0],"7":[0,0]},"f":{"1":2,"2":0,"3":0,"4":0,"5":0,"6":0,"7":0,"8":0,"9":0,"10":0},"fnMap":{"1":{"name":"constructor","line":15,"loc":{"start":{"line":15,"column":4},"end":{"line":15,"column":45}}},"2":{"name":"sellOTokens","line":44,"loc":{"start":{"line":44,"column":4},"end":{"line":49,"column":14}}},"3":{"name":"buyOTokens","line":78,"loc":{"start":{"line":78,"column":4},"end":{"line":83,"column":22}}},"4":{"name":"premiumReceived","line":96,"loc":{"start":{"line":96,"column":4},"end":{"line":100,"column":37}}},"5":{"name":"premiumToPay","line":125,"loc":{"start":{"line":125,"column":4},"end":{"line":129,"column":37}}},"6":{"name":"uniswapSellOToken","line":147,"loc":{"start":{"line":147,"column":4},"end":{"line":152,"column":34}}},"7":{"name":"uniswapBuyOToken","line":181,"loc":{"start":{"line":181,"column":4},"end":{"line":186,"column":32}}},"8":{"name":"getExchange","line":252,"loc":{"start":{"line":252,"column":4},"end":{"line":256,"column":5}}},"9":{"name":"isETH","line":268,"loc":{"start":{"line":268,"column":4},"end":{"line":268,"column":61}}},"10":{"name":"","line":272,"loc":{"start":{"line":272,"column":4},"end":{"line":272,"column":29}}}},"statementMap":{"1":{"start":{"line":16,"column":8},"end":{"line":16,"column":65}},"2":{"start":{"line":51,"column":8},"end":{"line":51,"column":45}},"3":{"start":{"line":52,"column":8},"end":{"line":52,"column":55}},"4":{"start":{"line":53,"column":8},"end":{"line":53,"column":68}},"5":{"start":{"line":54,"column":8},"end":{"line":54,"column":1846}},"6":{"start":{"line":61,"column":8},"end":{"line":61,"column":2009}},"7":{"start":{"line":84,"column":8},"end":{"line":84,"column":45}},"8":{"start":{"line":85,"column":8},"end":{"line":85,"column":57}},"9":{"start":{"line":86,"column":8},"end":{"line":86,"column":69}},"10":{"start":{"line":102,"column":8},"end":{"line":102,"column":76}},"11":{"start":{"line":103,"column":8},"end":{"line":103,"column":3619}},"12":{"start":{"line":107,"column":8},"end":{"line":107,"column":3726}},"13":{"start":{"line":109,"column":12},"end":{"line":109,"column":3882}},"14":{"start":{"line":112,"column":12},"end":{"line":112,"column":70}},"15":{"start":{"line":114,"column":8},"end":{"line":114,"column":26}},"16":{"start":{"line":131,"column":8},"end":{"line":131,"column":76}},"17":{"start":{"line":132,"column":8},"end":{"line":132,"column":4745}},"18":{"start":{"line":136,"column":8},"end":{"line":136,"column":4849}},"19":{"start":{"line":138,"column":12},"end":{"line":138,"column":5007}},"20":{"start":{"line":141,"column":12},"end":{"line":141,"column":74}},"21":{"start":{"line":144,"column":8},"end":{"line":144,"column":23}},"22":{"start":{"line":153,"column":8},"end":{"line":153,"column":55}},"23":{"start":{"line":154,"column":8},"end":{"line":154,"column":72}},"24":{"start":{"line":156,"column":8},"end":{"line":156,"column":5550}},"25":{"start":{"line":158,"column":12},"end":{"line":158,"column":50}},"26":{"start":{"line":159,"column":12},"end":{"line":159,"column":5677}},"27":{"start":{"line":168,"column":12},"end":{"line":168,"column":50}},"28":{"start":{"line":169,"column":12},"end":{"line":169,"column":5983}},"29":{"start":{"line":187,"column":8},"end":{"line":187,"column":54}},"30":{"start":{"line":189,"column":8},"end":{"line":189,"column":6493}},"31":{"start":{"line":190,"column":12},"end":{"line":190,"column":6538}},"32":{"start":{"line":194,"column":12},"end":{"line":194,"column":6653}},"33":{"start":{"line":199,"column":12},"end":{"line":199,"column":6820}},"34":{"start":{"line":206,"column":12},"end":{"line":206,"column":73}},"35":{"start":{"line":208,"column":12},"end":{"line":208,"column":7082}},"36":{"start":{"line":217,"column":12},"end":{"line":217,"column":7322}},"37":{"start":{"line":228,"column":12},"end":{"line":228,"column":7651}},"38":{"start":{"line":232,"column":12},"end":{"line":232,"column":75}},"39":{"start":{"line":234,"column":12},"end":{"line":234,"column":7880}},"40":{"start":{"line":243,"column":12},"end":{"line":243,"column":8110}},"41":{"start":{"line":257,"column":8},"end":{"line":257,"column":8441}},"42":{"start":{"line":261,"column":8},"end":{"line":261,"column":8570}},"43":{"start":{"line":262,"column":12},"end":{"line":262,"column":39}},"44":{"start":{"line":265,"column":8},"end":{"line":265,"column":23}},"45":{"start":{"line":269,"column":8},"end":{"line":269,"column":35}}},"branchMap":{"1":{"line":107,"type":"if","locations":[{"start":{"line":107,"column":8},"end":{"line":107,"column":8}},{"start":{"line":107,"column":8},"end":{"line":107,"column":8}}]},"2":{"line":136,"type":"if","locations":[{"start":{"line":136,"column":8},"end":{"line":136,"column":8}},{"start":{"line":136,"column":8},"end":{"line":136,"column":8}}]},"3":{"line":153,"type":"if","locations":[{"start":{"line":153,"column":8},"end":{"line":153,"column":8}},{"start":{"line":153,"column":8},"end":{"line":153,"column":8}}]},"4":{"line":156,"type":"if","locations":[{"start":{"line":156,"column":8},"end":{"line":156,"column":8}},{"start":{"line":156,"column":8},"end":{"line":156,"column":8}}]},"5":{"line":187,"type":"if","locations":[{"start":{"line":187,"column":8},"end":{"line":187,"column":8}},{"start":{"line":187,"column":8},"end":{"line":187,"column":8}}]},"6":{"line":189,"type":"if","locations":[{"start":{"line":189,"column":8},"end":{"line":189,"column":8}},{"start":{"line":189,"column":8},"end":{"line":189,"column":8}}]},"7":{"line":261,"type":"if","locations":[{"start":{"line":261,"column":8},"end":{"line":261,"column":8}},{"start":{"line":261,"column":8},"end":{"line":261,"column":8}}]}}},"contracts/OptionsFactory.sol":{"l":{"33":2,"34":2,"62":20,"63":18,"64":16,"68":16,"72":16,"74":16,"89":0,"90":0,"93":0,"95":0,"102":0,"112":18,"113":14,"115":14,"116":14,"125":3,"129":1,"131":1,"132":1,"140":3,"145":1,"146":1,"154":68,"155":28,"158":40},"path":"/Users/haythem96/Projects/Opyn/OptionsProtocol/contracts/OptionsFactory.sol","s":{"1":2,"2":2,"3":20,"4":18,"5":16,"6":16,"7":16,"8":16,"9":0,"10":0,"11":0,"12":0,"13":0,"14":18,"15":14,"16":14,"17":14,"18":3,"19":1,"20":1,"21":1,"22":3,"23":1,"24":1,"25":68,"26":28,"27":40},"b":{"1":[18,2],"2":[16,2],"3":[16,0],"4":[16,0],"5":[16,0],"6":[14,4],"7":[14,0],"8":[1,2],"9":[1,0],"10":[1,2],"11":[28,40]},"f":{"1":2,"2":20,"3":0,"4":18,"5":3,"6":3,"7":68},"fnMap":{"1":{"name":"constructor","line":30,"loc":{"start":{"line":30,"column":4},"end":{"line":32,"column":5}}},"2":{"name":"createOptionsContract","line":50,"loc":{"start":{"line":50,"column":4},"end":{"line":61,"column":32}}},"3":{"name":"getNumberOfOptionsContracts","line":101,"loc":{"start":{"line":101,"column":4},"end":{"line":101,"column":70}}},"4":{"name":"addAsset","line":111,"loc":{"start":{"line":111,"column":74},"end":{"line":111,"column":3}}},"5":{"name":"changeAsset","line":124,"loc":{"start":{"line":124,"column":77},"end":{"line":124,"column":3}}},"6":{"name":"deleteAsset","line":139,"loc":{"start":{"line":139,"column":62},"end":{"line":139,"column":3}}},"7":{"name":"supportsAsset","line":153,"loc":{"start":{"line":153,"column":4},"end":{"line":153,"column":73}}}},"statementMap":{"1":{"start":{"line":33,"column":8},"end":{"line":33,"column":62}},"2":{"start":{"line":34,"column":8},"end":{"line":34,"column":37}},"3":{"start":{"line":62,"column":8},"end":{"line":62,"column":76}},"4":{"start":{"line":63,"column":8},"end":{"line":63,"column":61}},"5":{"start":{"line":64,"column":8},"end":{"line":64,"column":2545}},"6":{"start":{"line":68,"column":8},"end":{"line":68,"column":2661}},"7":{"start":{"line":72,"column":8},"end":{"line":72,"column":78}},"8":{"start":{"line":74,"column":8},"end":{"line":74,"column":2860}},"9":{"start":{"line":89,"column":8},"end":{"line":89,"column":54}},"10":{"start":{"line":90,"column":8},"end":{"line":90,"column":61}},"11":{"start":{"line":93,"column":8},"end":{"line":93,"column":49}},"12":{"start":{"line":95,"column":8},"end":{"line":95,"column":39}},"13":{"start":{"line":102,"column":8},"end":{"line":102,"column":38}},"14":{"start":{"line":112,"column":8},"end":{"line":112,"column":61}},"15":{"start":{"line":113,"column":8},"end":{"line":113,"column":63}},"16":{"start":{"line":115,"column":8},"end":{"line":115,"column":37}},"17":{"start":{"line":116,"column":8},"end":{"line":116,"column":38}},"18":{"start":{"line":125,"column":8},"end":{"line":125,"column":4596}},"19":{"start":{"line":129,"column":8},"end":{"line":129,"column":63}},"20":{"start":{"line":131,"column":8},"end":{"line":131,"column":37}},"21":{"start":{"line":132,"column":8},"end":{"line":132,"column":40}},"22":{"start":{"line":140,"column":8},"end":{"line":140,"column":5097}},"23":{"start":{"line":145,"column":8},"end":{"line":145,"column":33}},"24":{"start":{"line":146,"column":8},"end":{"line":146,"column":33}},"25":{"start":{"line":154,"column":8},"end":{"line":154,"column":5515}},"26":{"start":{"line":155,"column":12},"end":{"line":155,"column":23}},"27":{"start":{"line":158,"column":8},"end":{"line":158,"column":42}}},"branchMap":{"1":{"line":62,"type":"if","locations":[{"start":{"line":62,"column":8},"end":{"line":62,"column":8}},{"start":{"line":62,"column":8},"end":{"line":62,"column":8}}]},"2":{"line":63,"type":"if","locations":[{"start":{"line":63,"column":8},"end":{"line":63,"column":8}},{"start":{"line":63,"column":8},"end":{"line":63,"column":8}}]},"3":{"line":64,"type":"if","locations":[{"start":{"line":64,"column":8},"end":{"line":64,"column":8}},{"start":{"line":64,"column":8},"end":{"line":64,"column":8}}]},"4":{"line":68,"type":"if","locations":[{"start":{"line":68,"column":8},"end":{"line":68,"column":8}},{"start":{"line":68,"column":8},"end":{"line":68,"column":8}}]},"5":{"line":72,"type":"if","locations":[{"start":{"line":72,"column":8},"end":{"line":72,"column":8}},{"start":{"line":72,"column":8},"end":{"line":72,"column":8}}]},"6":{"line":112,"type":"if","locations":[{"start":{"line":112,"column":8},"end":{"line":112,"column":8}},{"start":{"line":112,"column":8},"end":{"line":112,"column":8}}]},"7":{"line":113,"type":"if","locations":[{"start":{"line":113,"column":8},"end":{"line":113,"column":8}},{"start":{"line":113,"column":8},"end":{"line":113,"column":8}}]},"8":{"line":125,"type":"if","locations":[{"start":{"line":125,"column":8},"end":{"line":125,"column":8}},{"start":{"line":125,"column":8},"end":{"line":125,"column":8}}]},"9":{"line":129,"type":"if","locations":[{"start":{"line":129,"column":8},"end":{"line":129,"column":8}},{"start":{"line":129,"column":8},"end":{"line":129,"column":8}}]},"10":{"line":140,"type":"if","locations":[{"start":{"line":140,"column":8},"end":{"line":140,"column":8}},{"start":{"line":140,"column":8},"end":{"line":140,"column":8}}]},"11":{"line":154,"type":"if","locations":[{"start":{"line":154,"column":8},"end":{"line":154,"column":8}},{"start":{"line":154,"column":8},"end":{"line":154,"column":8}}]}}},"contracts/OptionsUtils.sol":{"l":{"15":0,"16":0,"25":0,"26":0,"29":0,"33":0,"37":0},"path":"/Users/haythem96/Projects/Opyn/OptionsProtocol/contracts/OptionsUtils.sol","s":{"1":0,"2":0,"3":0,"4":0,"5":0,"6":0,"7":0},"b":{"1":[0,0]},"f":{"1":0,"2":0,"3":0},"fnMap":{"1":{"name":"constructor","line":14,"loc":{"start":{"line":14,"column":4},"end":{"line":14,"column":70}}},"2":{"name":"getExchange","line":20,"loc":{"start":{"line":20,"column":4},"end":{"line":24,"column":5}}},"3":{"name":"isETH","line":36,"loc":{"start":{"line":36,"column":4},"end":{"line":36,"column":59}}}},"statementMap":{"1":{"start":{"line":15,"column":8},"end":{"line":15,"column":65}},"2":{"start":{"line":16,"column":8},"end":{"line":16,"column":65}},"3":{"start":{"line":25,"column":8},"end":{"line":25,"column":801}},"4":{"start":{"line":26,"column":12},"end":{"line":26,"column":39}},"5":{"start":{"line":29,"column":8},"end":{"line":29,"column":929}},"6":{"start":{"line":33,"column":8},"end":{"line":33,"column":23}},"7":{"start":{"line":37,"column":8},"end":{"line":37,"column":35}}},"branchMap":{"1":{"line":25,"type":"if","locations":[{"start":{"line":25,"column":8},"end":{"line":25,"column":8}},{"start":{"line":25,"column":8},"end":{"line":25,"column":8}}]}}},"contracts/Oracle.sol":{"l":{"19":0,"21":0,"22":0,"23":0,"24":0,"25":0,"26":0,"27":0,"29":0,"30":0,"31":0,"32":0,"33":0,"34":0,"36":0,"37":0,"38":0,"39":0,"40":0,"41":0,"42":0,"44":0,"45":0,"46":0,"47":0,"48":0,"49":0,"53":0,"57":0,"58":0,"60":0,"62":0,"63":0,"65":0,"66":0,"67":0,"70":0,"71":0,"73":0,"74":0,"77":0,"84":0,"86":0,"91":0,"94":0,"95":0,"96":0,"97":0},"path":"/Users/haythem96/Projects/Opyn/OptionsProtocol/contracts/Oracle.sol","s":{"1":0,"2":0,"3":0,"4":0,"5":0,"6":0,"7":0,"8":0,"9":0,"10":0,"11":0,"12":0,"13":0,"14":0,"15":0,"16":0,"17":0,"18":0,"19":0,"20":0,"21":0,"22":0,"23":0,"24":0,"25":0,"26":0,"27":0,"28":0,"29":0,"30":0,"31":0,"32":0,"33":0,"34":0,"35":0,"36":0,"37":0,"38":0,"39":0,"40":0,"41":0,"42":0,"43":0,"44":0,"45":0,"46":0,"47":0,"48":0,"49":0},"b":{"1":[0,0],"2":[0,0],"3":[0,0],"4":[0,0]},"f":{"1":0,"2":0,"3":0,"4":0},"fnMap":{"1":{"name":"constructor","line":18,"loc":{"start":{"line":18,"column":4},"end":{"line":18,"column":44}}},"2":{"name":"isCETH","line":52,"loc":{"start":{"line":52,"column":4},"end":{"line":52,"column":59}}},"3":{"name":"getPrice","line":56,"loc":{"start":{"line":56,"column":4},"end":{"line":56,"column":64}}},"4":{"name":"getPriceUnderlying","line":90,"loc":{"start":{"line":90,"column":4},"end":{"line":90,"column":76}}}},"statementMap":{"1":{"start":{"line":19,"column":8},"end":{"line":19,"column":60}},"2":{"start":{"line":21,"column":8},"end":{"line":21,"column":65}},"3":{"start":{"line":22,"column":8},"end":{"line":22,"column":65}},"4":{"start":{"line":23,"column":8},"end":{"line":23,"column":56}},"5":{"start":{"line":24,"column":8},"end":{"line":24,"column":65}},"6":{"start":{"line":25,"column":8},"end":{"line":25,"column":66}},"7":{"start":{"line":26,"column":8},"end":{"line":26,"column":66}},"8":{"start":{"line":27,"column":8},"end":{"line":27,"column":65}},"9":{"start":{"line":29,"column":8},"end":{"line":29,"column":64}},"10":{"start":{"line":30,"column":8},"end":{"line":30,"column":64}},"11":{"start":{"line":31,"column":8},"end":{"line":31,"column":64}},"12":{"start":{"line":32,"column":8},"end":{"line":32,"column":65}},"13":{"start":{"line":33,"column":8},"end":{"line":33,"column":65}},"14":{"start":{"line":34,"column":8},"end":{"line":34,"column":64}},"15":{"start":{"line":36,"column":8},"end":{"line":36,"column":28}},"16":{"start":{"line":37,"column":8},"end":{"line":37,"column":28}},"17":{"start":{"line":38,"column":8},"end":{"line":38,"column":28}},"18":{"start":{"line":39,"column":8},"end":{"line":39,"column":28}},"19":{"start":{"line":40,"column":8},"end":{"line":40,"column":29}},"20":{"start":{"line":41,"column":8},"end":{"line":41,"column":29}},"21":{"start":{"line":42,"column":8},"end":{"line":42,"column":28}},"22":{"start":{"line":44,"column":8},"end":{"line":44,"column":33}},"23":{"start":{"line":45,"column":8},"end":{"line":45,"column":33}},"24":{"start":{"line":46,"column":8},"end":{"line":46,"column":33}},"25":{"start":{"line":47,"column":8},"end":{"line":47,"column":35}},"26":{"start":{"line":48,"column":8},"end":{"line":48,"column":35}},"27":{"start":{"line":49,"column":8},"end":{"line":49,"column":33}},"28":{"start":{"line":53,"column":8},"end":{"line":53,"column":28}},"29":{"start":{"line":57,"column":8},"end":{"line":57,"column":2151}},"30":{"start":{"line":58,"column":12},"end":{"line":58,"column":27}},"31":{"start":{"line":60,"column":12},"end":{"line":60,"column":2240}},"32":{"start":{"line":62,"column":16},"end":{"line":62,"column":63}},"33":{"start":{"line":63,"column":16},"end":{"line":63,"column":66}},"34":{"start":{"line":65,"column":16},"end":{"line":65,"column":2447}},"35":{"start":{"line":66,"column":20},"end":{"line":66,"column":46}},"36":{"start":{"line":67,"column":20},"end":{"line":67,"column":54}},"37":{"start":{"line":70,"column":16},"end":{"line":70,"column":63}},"38":{"start":{"line":71,"column":16},"end":{"line":71,"column":2687}},"39":{"start":{"line":73,"column":16},"end":{"line":73,"column":40}},"40":{"start":{"line":74,"column":16},"end":{"line":74,"column":72}},"41":{"start":{"line":77,"column":16},"end":{"line":77,"column":3007}},"42":{"start":{"line":82,"column":19},"end":{"line":82,"column":3166}},"43":{"start":{"line":84,"column":16},"end":{"line":84,"column":48}},"44":{"start":{"line":86,"column":12},"end":{"line":86,"column":20}},"45":{"start":{"line":91,"column":8},"end":{"line":91,"column":3457}},"46":{"start":{"line":94,"column":8},"end":{"line":94,"column":65}},"47":{"start":{"line":95,"column":8},"end":{"line":95,"column":32}},"48":{"start":{"line":96,"column":8},"end":{"line":96,"column":59}},"49":{"start":{"line":97,"column":8},"end":{"line":97,"column":48}}},"branchMap":{"1":{"line":57,"type":"if","locations":[{"start":{"line":57,"column":8},"end":{"line":57,"column":8}},{"start":{"line":57,"column":8},"end":{"line":57,"column":8}}]},"2":{"line":60,"type":"if","locations":[{"start":{"line":60,"column":12},"end":{"line":60,"column":12}},{"start":{"line":60,"column":12},"end":{"line":60,"column":12}}]},"3":{"line":65,"type":"if","locations":[{"start":{"line":65,"column":16},"end":{"line":65,"column":16}},{"start":{"line":65,"column":16},"end":{"line":65,"column":16}}]},"4":{"line":82,"type":"if","locations":[{"start":{"line":82,"column":19},"end":{"line":82,"column":19}},{"start":{"line":82,"column":19},"end":{"line":82,"column":19}}]}}},"contracts/oToken.sol":{"l":{"69":0,"70":0,"86":0,"87":0,"99":0,"100":0,"101":0,"102":0,"119":0,"120":0,"121":0,"122":0,"145":0,"146":0,"164":0,"165":0,"179":0,"180":0,"181":0,"182":0,"201":0,"202":0,"203":0,"204":0},"path":"/Users/haythem96/Projects/Opyn/OptionsProtocol/contracts/oToken.sol","s":{"1":0,"2":0,"3":0,"4":0,"5":0,"6":0,"7":0,"8":0,"9":0,"10":0,"11":0,"12":0,"13":0,"14":0,"15":0,"16":0,"17":0,"18":0,"19":0,"20":0,"21":0,"22":0,"23":0,"24":0},"b":{},"f":{"1":16,"2":0,"3":0,"4":0,"5":0,"6":0,"7":0,"8":0,"9":0},"fnMap":{"1":{"name":"constructor","line":53,"loc":{"start":{"line":53,"column":8},"end":{"line":54,"column":5}}},"2":{"name":"createETHCollateralOption","line":65,"loc":{"start":{"line":65,"column":4},"end":{"line":68,"column":5}}},"3":{"name":"addETHCollateralOption","line":82,"loc":{"start":{"line":82,"column":4},"end":{"line":85,"column":5}}},"4":{"name":"createAndSellETHCollateralOption","line":95,"loc":{"start":{"line":95,"column":4},"end":{"line":98,"column":24}}},"5":{"name":"addAndSellETHCollateralOption","line":115,"loc":{"start":{"line":115,"column":4},"end":{"line":118,"column":22}}},"6":{"name":"createERC20CollateralOption","line":140,"loc":{"start":{"line":140,"column":4},"end":{"line":144,"column":16}}},"7":{"name":"addERC20CollateralOption","line":159,"loc":{"start":{"line":159,"column":4},"end":{"line":163,"column":14}}},"8":{"name":"createAndSellERC20CollateralOption","line":174,"loc":{"start":{"line":174,"column":4},"end":{"line":178,"column":16}}},"9":{"name":"addAndSellERC20CollateralOption","line":196,"loc":{"start":{"line":196,"column":4},"end":{"line":200,"column":14}}}},"statementMap":{"1":{"start":{"line":69,"column":8},"end":{"line":69,"column":18}},"2":{"start":{"line":70,"column":8},"end":{"line":70,"column":52}},"3":{"start":{"line":86,"column":8},"end":{"line":86,"column":35}},"4":{"start":{"line":87,"column":8},"end":{"line":87,"column":42}},"5":{"start":{"line":99,"column":8},"end":{"line":99,"column":18}},"6":{"start":{"line":100,"column":8},"end":{"line":100,"column":57}},"7":{"start":{"line":101,"column":8},"end":{"line":101,"column":58}},"8":{"start":{"line":102,"column":8},"end":{"line":102,"column":3630}},"9":{"start":{"line":119,"column":8},"end":{"line":119,"column":35}},"10":{"start":{"line":120,"column":8},"end":{"line":120,"column":47}},"11":{"start":{"line":121,"column":8},"end":{"line":121,"column":58}},"12":{"start":{"line":122,"column":8},"end":{"line":122,"column":4297}},"13":{"start":{"line":145,"column":8},"end":{"line":145,"column":18}},"14":{"start":{"line":146,"column":8},"end":{"line":146,"column":69}},"15":{"start":{"line":164,"column":8},"end":{"line":164,"column":52}},"16":{"start":{"line":165,"column":8},"end":{"line":165,"column":42}},"17":{"start":{"line":179,"column":8},"end":{"line":179,"column":18}},"18":{"start":{"line":180,"column":8},"end":{"line":180,"column":74}},"19":{"start":{"line":181,"column":8},"end":{"line":181,"column":58}},"20":{"start":{"line":182,"column":8},"end":{"line":182,"column":6598}},"21":{"start":{"line":201,"column":8},"end":{"line":201,"column":52}},"22":{"start":{"line":202,"column":8},"end":{"line":202,"column":47}},"23":{"start":{"line":203,"column":8},"end":{"line":203,"column":58}},"24":{"start":{"line":204,"column":8},"end":{"line":204,"column":7339}}},"branchMap":{}},"contracts/test/TestImports.sol":{"l":{},"path":"/Users/haythem96/Projects/Opyn/OptionsProtocol/contracts/test/TestImports.sol","s":{},"b":{},"f":{"1":0},"fnMap":{"1":{"name":"constructor","line":6,"loc":{"start":{"line":6,"column":4},"end":{"line":6,"column":22}}}},"statementMap":{},"branchMap":{}}}