TN:
SF:/Users/haythem96/Projects/Opyn/OptionsProtocol/contracts/lib/CompoundOracleInterface.sol
FN:8,constructor
FNF:1
FNH:0
FNDA:0,constructor
LF:0
LH:0
BRF:0
BRH:0
end_of_record
TN:
SF:/Users/haythem96/Projects/Opyn/OptionsProtocol/contracts/lib/CTokenInterface.sol
FNF:0
FNH:0
LF:0
LH:0
BRF:0
BRH:0
end_of_record
TN:
SF:/Users/haythem96/Projects/Opyn/OptionsProtocol/contracts/lib/Dai.sol
FN:33,note
FN:76,rely
FN:77,deny
FN:78,auth
FN:98,add
FN:101,sub
FN:110,constructor
FN:122,transfer
FN:125,transferFrom
FN:138,mint
FN:143,burn
FN:153,approve
FN:160,push
FN:163,pull
FN:166,move
FN:171,permit
FNF:16
FNH:0
FNDA:0,note
FNDA:0,rely
FNDA:0,deny
FNDA:0,auth
FNDA:0,add
FNDA:0,sub
FNDA:0,constructor
FNDA:0,transfer
FNDA:0,transferFrom
FNDA:0,mint
FNDA:0,burn
FNDA:0,approve
FNDA:0,push
FNDA:0,pull
FNDA:0,move
FNDA:0,permit
DA:34,0
DA:35,0
DA:79,0
DA:80,0
DA:99,0
DA:102,0
DA:111,0
DA:112,0
DA:123,0
DA:128,0
DA:129,0
DA:130,0
DA:131,0
DA:133,0
DA:134,0
DA:135,0
DA:136,0
DA:139,0
DA:140,0
DA:141,0
DA:144,0
DA:145,0
DA:146,0
DA:147,0
DA:149,0
DA:150,0
DA:151,0
DA:154,0
DA:155,0
DA:156,0
DA:161,0
DA:164,0
DA:167,0
DA:174,0
DA:186,0
DA:187,0
DA:188,0
DA:189,0
DA:190,0
DA:191,0
DA:192,0
LF:41
LH:0
BRDA:79,1,0,0
BRDA:79,1,1,0
BRDA:99,2,0,0
BRDA:99,2,1,0
BRDA:102,3,0,0
BRDA:102,3,1,0
BRDA:128,4,0,0
BRDA:128,4,1,0
BRDA:129,5,0,0
BRDA:129,5,1,0
BRDA:130,6,0,0
BRDA:130,6,1,0
BRDA:144,7,0,0
BRDA:144,7,1,0
BRDA:145,8,0,0
BRDA:145,8,1,0
BRDA:146,9,0,0
BRDA:146,9,1,0
BRDA:186,10,0,0
BRDA:186,10,1,0
BRDA:187,11,0,0
BRDA:187,11,1,0
BRDA:188,12,0,0
BRDA:188,12,1,0
BRDA:189,13,0,0
BRDA:189,13,1,0
BRF:26
BRH:0
end_of_record
TN:
SF:/Users/haythem96/Projects/Opyn/OptionsProtocol/contracts/lib/MockCompoundOracle.sol
FN:4,constructor
FN:8,getPrice
FN:12,updatePrice
FNF:3
FNH:1
FNDA:2,constructor
FNDA:0,getPrice
FNDA:0,updatePrice
DA:9,0
DA:13,0
LF:2
LH:0
BRF:0
BRH:0
end_of_record
TN:
SF:/Users/haythem96/Projects/Opyn/OptionsProtocol/contracts/lib/MockUniswapFactory.sol
FN:5,constructor
FN:11,createExchange
FN:15,getExchange
FN:18,getToken
FN:21,getTokenWithId
FN:25,initializeFactory
FNF:6
FNH:1
FNDA:3,constructor
FNDA:0,createExchange
FNDA:0,getExchange
FNDA:0,getToken
FNDA:0,getTokenWithId
FNDA:0,initializeFactory
DA:12,0
DA:16,0
DA:19,0
DA:22,0
LF:4
LH:0
BRF:0
BRH:0
end_of_record
TN:
SF:/Users/haythem96/Projects/Opyn/OptionsProtocol/contracts/lib/StringComparator.sol
FN:4,compareStrings
FNF:1
FNH:1
FNDA:68,compareStrings
DA:6,68
LF:1
LH:1
BRF:0
BRH:0
end_of_record
TN:
SF:/Users/haythem96/Projects/Opyn/OptionsProtocol/contracts/lib/UniswapExchangeInterface.sol
FNF:0
FNH:0
LF:0
LH:0
BRF:0
BRH:0
end_of_record
TN:
SF:/Users/haythem96/Projects/Opyn/OptionsProtocol/contracts/lib/UniswapFactoryInterface.sol
FNF:0
FNH:0
LF:0
LH:0
BRF:0
BRH:0
end_of_record
TN:
SF:/Users/haythem96/Projects/Opyn/OptionsProtocol/contracts/OptionsContract.sol
FN:114,constructor
FN:217,notExpired
FN:225,getVaultOwners
FN:250,updateParameters
FN:286,setDetails
FN:301,transferFee
FN:314,hasVault
FN:321,openVault
FN:346,addETHCollateral
FN:372,addERC20Collateral
FN:388,underlyingRequiredToExercise
FN:402,isExerciseWindow
FN:410,hasExpired
FN:425,exercise
FN:455,removeUnderlying
FN:481,issueOTokens
FN:504,getVault
FN:522,isETH
FN:532,burnOTokens
FN:548,removeCollateral
FN:578,redeemVaultBalance
FN:607,maxOTokensLiquidatable
FN:641,liquidate
FN:699,isUnsafe
FN:710,isWithinExponentRange
FN:717,getCollateral
FN:729,getOTokensIssued
FN:750,_exercise
FN:842,_addCollateral
FN:857,isSafe
FN:901,maxOTokensIssuable
FN:919,calculateOTokens
FN:965,calculateCollateralToPay
FN:1008,transferCollateral
FN:1021,transferUnderlying
FN:1033,getPrice
FNF:36
FNH:2
FNDA:16,constructor
FNDA:0,notExpired
FNDA:0,getVaultOwners
FNDA:0,updateParameters
FNDA:0,setDetails
FNDA:0,transferFee
FNDA:0,hasVault
FNDA:0,openVault
FNDA:0,addETHCollateral
FNDA:0,addERC20Collateral
FNDA:0,underlyingRequiredToExercise
FNDA:0,isExerciseWindow
FNDA:0,hasExpired
FNDA:0,exercise
FNDA:0,removeUnderlying
FNDA:0,issueOTokens
FNDA:0,getVault
FNDA:0,isETH
FNDA:0,burnOTokens
FNDA:0,removeCollateral
FNDA:0,redeemVaultBalance
FNDA:0,maxOTokensLiquidatable
FNDA:0,liquidate
FNDA:0,isUnsafe
FNDA:64,isWithinExponentRange
FNDA:0,getCollateral
FNDA:0,getOTokensIssued
FNDA:0,_exercise
FNDA:0,_addCollateral
FNDA:0,isSafe
FNDA:0,maxOTokensIssuable
FNDA:0,calculateOTokens
FNDA:0,calculateCollateralToPay
FNDA:0,transferCollateral
FNDA:0,transferUnderlying
FNDA:0,getPrice
DA:128,16
DA:129,16
DA:133,16
DA:137,16
DA:141,16
DA:145,16
DA:150,16
DA:151,16
DA:153,16
DA:154,16
DA:155,16
DA:157,16
DA:158,16
DA:160,16
DA:161,16
DA:162,16
DA:163,16
DA:218,0
DA:219,0
DA:226,0
DA:227,0
DA:228,0
DA:229,0
DA:230,0
DA:231,0
DA:235,0
DA:251,0
DA:255,0
DA:259,0
DA:260,0
DA:265,0
DA:266,0
DA:267,0
DA:268,0
DA:270,0
DA:288,0
DA:289,0
DA:290,0
DA:291,0
DA:302,0
DA:303,0
DA:304,0
DA:306,0
DA:315,0
DA:322,0
DA:324,0
DA:325,0
DA:327,0
DA:328,0
DA:349,0
DA:350,0
DA:352,0
DA:353,0
DA:375,0
DA:379,0
DA:381,0
DA:382,0
DA:393,0
DA:396,0
DA:403,0
DA:411,0
DA:429,0
DA:430,0
DA:431,0
DA:435,0
DA:436,0
DA:437,0
DA:439,0
DA:440,0
DA:442,0
DA:443,0
DA:446,0
DA:456,0
DA:457,0
DA:459,0
DA:461,0
DA:462,0
DA:464,0
DA:465,0
DA:484,0
DA:486,0
DA:489,0
DA:490,0
DA:493,0
DA:494,0
DA:496,0
DA:497,0
DA:509,0
DA:510,0
DA:523,0
DA:533,0
DA:535,0
DA:537,0
DA:538,0
DA:540,0
DA:549,0
DA:550,0
DA:552,0
DA:553,0
DA:559,0
DA:561,0
DA:567,0
DA:568,0
DA:570,0
DA:579,0
DA:580,0
DA:583,0
DA:586,0
DA:587,0
DA:589,0
DA:590,0
DA:591,0
DA:593,0
DA:594,0
DA:596,0
DA:612,0
DA:613,0
DA:614,0
DA:619,0
DA:620,0
DA:624,0
DA:626,0
DA:643,0
DA:645,0
DA:648,0
DA:651,0
DA:653,0
DA:657,0
DA:661,0
DA:664,0
DA:668,0
DA:669,0
DA:673,0
DA:678,0
DA:684,0
DA:685,0
DA:688,0
DA:689,0
DA:691,0
DA:700,0
DA:704,0
DA:711,64
DA:722,0
DA:723,0
DA:734,0
DA:735,0
DA:755,0
DA:760,0
DA:762,0
DA:763,0
DA:765,0
DA:770,0
DA:777,0
DA:780,0
DA:784,0
DA:790,0
DA:794,0
DA:796,0
DA:797,0
DA:803,0
DA:804,0
DA:808,0
DA:809,0
DA:811,0
DA:821,0
DA:824,0
DA:826,0
DA:845,0
DA:846,0
DA:848,0
DA:863,0
DA:864,0
DA:866,0
DA:867,0
DA:868,0
DA:872,0
DA:875,0
DA:878,0
DA:881,0
DA:883,0
DA:884,0
DA:886,0
DA:887,0
DA:888,0
DA:890,0
DA:891,0
DA:894,0
DA:906,0
DA:925,0
DA:926,0
DA:928,0
DA:929,0
DA:930,0
DA:934,0
DA:935,0
DA:937,0
DA:940,0
DA:942,0
DA:943,0
DA:945,0
DA:946,0
DA:947,0
DA:949,0
DA:950,0
DA:953,0
DA:970,0
DA:971,0
DA:973,0
DA:974,0
DA:975,0
DA:979,0
DA:983,0
DA:986,0
DA:987,0
DA:988,0
DA:989,0
DA:993,0
DA:994,0
DA:999,0
DA:1009,0
DA:1010,0
DA:1012,0
DA:1022,0
DA:1023,0
DA:1025,0
DA:1034,0
DA:1035,0
DA:1037,0
LF:228
LH:18
BRDA:128,1,0,16
BRDA:128,1,1,0
BRDA:129,2,0,16
BRDA:129,2,1,0
BRDA:133,3,0,16
BRDA:133,3,1,0
BRDA:137,4,0,16
BRDA:137,4,1,0
BRDA:141,5,0,16
BRDA:141,5,1,0
BRDA:145,6,0,16
BRDA:145,6,1,0
BRDA:218,7,0,0
BRDA:218,7,1,0
BRDA:229,8,0,0
BRDA:229,8,1,0
BRDA:251,9,0,0
BRDA:251,9,1,0
BRDA:255,10,0,0
BRDA:255,10,1,0
BRDA:259,11,0,0
BRDA:259,11,1,0
BRDA:260,12,0,0
BRDA:260,12,1,0
BRDA:291,13,0,0
BRDA:291,13,1,0
BRDA:322,14,0,0
BRDA:322,14,1,0
BRDA:349,15,0,0
BRDA:349,15,1,0
BRDA:350,16,0,0
BRDA:350,16,1,0
BRDA:375,17,0,0
BRDA:375,17,1,0
BRDA:379,18,0,0
BRDA:379,18,1,0
BRDA:431,19,0,0
BRDA:431,19,1,0
BRDA:436,20,0,0
BRDA:436,20,1,0
BRDA:438,21,0,0
BRDA:438,21,1,0
BRDA:446,22,0,0
BRDA:446,22,1,0
BRDA:456,23,0,0
BRDA:456,23,1,0
BRDA:459,24,0,0
BRDA:459,24,1,0
BRDA:484,25,0,0
BRDA:484,25,1,0
BRDA:490,26,0,0
BRDA:490,26,1,0
BRDA:533,27,0,0
BRDA:533,27,1,0
BRDA:549,28,0,0
BRDA:549,28,1,0
BRDA:550,29,0,0
BRDA:550,29,1,0
BRDA:553,30,0,0
BRDA:553,30,1,0
BRDA:561,31,0,0
BRDA:561,31,1,0
BRDA:579,32,0,0
BRDA:579,32,1,0
BRDA:580,33,0,0
BRDA:580,33,1,0
BRDA:612,34,0,0
BRDA:612,34,1,0
BRDA:643,35,0,0
BRDA:643,35,1,0
BRDA:648,36,0,0
BRDA:648,36,1,0
BRDA:651,37,0,0
BRDA:651,37,1,0
BRDA:668,38,0,0
BRDA:668,38,1,0
BRDA:678,39,0,0
BRDA:678,39,1,0
BRDA:755,40,0,0
BRDA:755,40,1,0
BRDA:760,41,0,0
BRDA:760,41,1,0
BRDA:763,42,0,0
BRDA:763,42,1,0
BRDA:765,43,0,0
BRDA:765,43,1,0
BRDA:770,44,0,0
BRDA:770,44,1,0
BRDA:797,45,0,0
BRDA:797,45,1,0
BRDA:808,46,0,0
BRDA:808,46,1,0
BRDA:809,47,0,0
BRDA:809,47,1,0
BRDA:811,48,0,0
BRDA:811,48,1,0
BRDA:866,49,0,0
BRDA:866,49,1,0
BRDA:886,50,0,0
BRDA:886,50,1,0
BRDA:928,51,0,0
BRDA:928,51,1,0
BRDA:945,52,0,0
BRDA:945,52,1,0
BRDA:973,53,0,0
BRDA:973,53,1,0
BRDA:987,54,0,0
BRDA:987,54,1,0
BRDA:1009,55,0,0
BRDA:1009,55,1,0
BRDA:1022,56,0,0
BRDA:1022,56,1,0
BRDA:1034,57,0,0
BRDA:1034,57,1,0
BRF:114
BRH:6
end_of_record
TN:
SF:/Users/haythem96/Projects/Opyn/OptionsProtocol/contracts/OptionsExchange.sol
FN:15,constructor
FN:44,sellOTokens
FN:78,buyOTokens
FN:96,premiumReceived
FN:125,premiumToPay
FN:147,uniswapSellOToken
FN:181,uniswapBuyOToken
FN:252,getExchange
FN:268,isETH
FN:272,
FNF:10
FNH:1
FNDA:2,constructor
FNDA:0,sellOTokens
FNDA:0,buyOTokens
FNDA:0,premiumReceived
FNDA:0,premiumToPay
FNDA:0,uniswapSellOToken
FNDA:0,uniswapBuyOToken
FNDA:0,getExchange
FNDA:0,isETH
FNDA:0,
DA:16,2
DA:51,0
DA:52,0
DA:53,0
DA:54,0
DA:61,0
DA:84,0
DA:85,0
DA:86,0
DA:102,0
DA:103,0
DA:107,0
DA:109,0
DA:112,0
DA:114,0
DA:131,0
DA:132,0
DA:136,0
DA:138,0
DA:141,0
DA:144,0
DA:153,0
DA:154,0
DA:156,0
DA:158,0
DA:159,0
DA:168,0
DA:169,0
DA:187,0
DA:189,0
DA:190,0
DA:194,0
DA:199,0
DA:206,0
DA:208,0
DA:217,0
DA:228,0
DA:232,0
DA:234,0
DA:243,0
DA:257,0
DA:261,0
DA:262,0
DA:265,0
DA:269,0
LF:45
LH:1
BRDA:107,1,0,0
BRDA:107,1,1,0
BRDA:136,2,0,0
BRDA:136,2,1,0
BRDA:153,3,0,0
BRDA:153,3,1,0
BRDA:156,4,0,0
BRDA:156,4,1,0
BRDA:187,5,0,0
BRDA:187,5,1,0
BRDA:189,6,0,0
BRDA:189,6,1,0
BRDA:261,7,0,0
BRDA:261,7,1,0
BRF:14
BRH:0
end_of_record
TN:
SF:/Users/haythem96/Projects/Opyn/OptionsProtocol/contracts/OptionsFactory.sol
FN:30,constructor
FN:50,createOptionsContract
FN:101,getNumberOfOptionsContracts
FN:111,addAsset
FN:124,changeAsset
FN:139,deleteAsset
FN:153,supportsAsset
FNF:7
FNH:6
FNDA:2,constructor
FNDA:20,createOptionsContract
FNDA:0,getNumberOfOptionsContracts
FNDA:18,addAsset
FNDA:3,changeAsset
FNDA:3,deleteAsset
FNDA:68,supportsAsset
DA:33,2
DA:34,2
DA:62,20
DA:63,18
DA:64,16
DA:68,16
DA:72,16
DA:74,16
DA:89,0
DA:90,0
DA:93,0
DA:95,0
DA:102,0
DA:112,18
DA:113,14
DA:115,14
DA:116,14
DA:125,3
DA:129,1
DA:131,1
DA:132,1
DA:140,3
DA:145,1
DA:146,1
DA:154,68
DA:155,28
DA:158,40
LF:27
LH:22
BRDA:62,1,0,18
BRDA:62,1,1,2
BRDA:63,2,0,16
BRDA:63,2,1,2
BRDA:64,3,0,16
BRDA:64,3,1,0
BRDA:68,4,0,16
BRDA:68,4,1,0
BRDA:72,5,0,16
BRDA:72,5,1,0
BRDA:112,6,0,14
BRDA:112,6,1,4
BRDA:113,7,0,14
BRDA:113,7,1,0
BRDA:125,8,0,1
BRDA:125,8,1,2
BRDA:129,9,0,1
BRDA:129,9,1,0
BRDA:140,10,0,1
BRDA:140,10,1,2
BRDA:154,11,0,28
BRDA:154,11,1,40
BRF:22
BRH:17
end_of_record
TN:
SF:/Users/haythem96/Projects/Opyn/OptionsProtocol/contracts/OptionsUtils.sol
FN:14,constructor
FN:20,getExchange
FN:36,isETH
FNF:3
FNH:0
FNDA:0,constructor
FNDA:0,getExchange
FNDA:0,isETH
DA:15,0
DA:16,0
DA:25,0
DA:26,0
DA:29,0
DA:33,0
DA:37,0
LF:7
LH:0
BRDA:25,1,0,0
BRDA:25,1,1,0
BRF:2
BRH:0
end_of_record
TN:
SF:/Users/haythem96/Projects/Opyn/OptionsProtocol/contracts/Oracle.sol
FN:18,constructor
FN:52,isCETH
FN:56,getPrice
FN:90,getPriceUnderlying
FNF:4
FNH:0
FNDA:0,constructor
FNDA:0,isCETH
FNDA:0,getPrice
FNDA:0,getPriceUnderlying
DA:19,0
DA:21,0
DA:22,0
DA:23,0
DA:24,0
DA:25,0
DA:26,0
DA:27,0
DA:29,0
DA:30,0
DA:31,0
DA:32,0
DA:33,0
DA:34,0
DA:36,0
DA:37,0
DA:38,0
DA:39,0
DA:40,0
DA:41,0
DA:42,0
DA:44,0
DA:45,0
DA:46,0
DA:47,0
DA:48,0
DA:49,0
DA:53,0
DA:57,0
DA:58,0
DA:60,0
DA:62,0
DA:63,0
DA:65,0
DA:66,0
DA:67,0
DA:70,0
DA:71,0
DA:73,0
DA:74,0
DA:77,0
DA:84,0
DA:86,0
DA:91,0
DA:94,0
DA:95,0
DA:96,0
DA:97,0
LF:48
LH:0
BRDA:57,1,0,0
BRDA:57,1,1,0
BRDA:60,2,0,0
BRDA:60,2,1,0
BRDA:65,3,0,0
BRDA:65,3,1,0
BRDA:82,4,0,0
BRDA:82,4,1,0
BRF:8
BRH:0
end_of_record
TN:
SF:/Users/haythem96/Projects/Opyn/OptionsProtocol/contracts/oToken.sol
FN:53,constructor
FN:65,createETHCollateralOption
FN:82,addETHCollateralOption
FN:95,createAndSellETHCollateralOption
FN:115,addAndSellETHCollateralOption
FN:140,createERC20CollateralOption
FN:159,addERC20CollateralOption
FN:174,createAndSellERC20CollateralOption
FN:196,addAndSellERC20CollateralOption
FNF:9
FNH:1
FNDA:16,constructor
FNDA:0,createETHCollateralOption
FNDA:0,addETHCollateralOption
FNDA:0,createAndSellETHCollateralOption
FNDA:0,addAndSellETHCollateralOption
FNDA:0,createERC20CollateralOption
FNDA:0,addERC20CollateralOption
FNDA:0,createAndSellERC20CollateralOption
FNDA:0,addAndSellERC20CollateralOption
DA:69,0
DA:70,0
DA:86,0
DA:87,0
DA:99,0
DA:100,0
DA:101,0
DA:102,0
DA:119,0
DA:120,0
DA:121,0
DA:122,0
DA:145,0
DA:146,0
DA:164,0
DA:165,0
DA:179,0
DA:180,0
DA:181,0
DA:182,0
DA:201,0
DA:202,0
DA:203,0
DA:204,0
LF:24
LH:0
BRF:0
BRH:0
end_of_record
TN:
SF:/Users/haythem96/Projects/Opyn/OptionsProtocol/contracts/test/TestImports.sol
FN:6,constructor
FNF:1
FNH:0
FNDA:0,constructor
LF:0
LH:0
BRF:0
BRH:0
end_of_record
